#
# A fatal error has been detected by the Java Runtime Environment:
#
#  SIGBUS (0x7) at pc=0x00007f8d1b4e44e1, pid=10440, tid=10441
#
# JRE version: OpenJDK Runtime Environment Temurin-17.0.6+10 (17.0.6+10) (build 17.0.6+10)
# Java VM: OpenJDK 64-Bit Server VM Temurin-17.0.6+10 (17.0.6+10, mixed mode, tiered, compressed oops, compressed class ptrs, parallel gc, linux-amd64)
# Problematic frame:
# 
[error occurred during error reporting (printing problematic frame), id 0x7, SIGBUS (0x7) at pc=0x00007f8d1b3746bc]

# Core dump will be written. Default location: Core dumps may be processed with "/usr/share/apport/apport -p%p -s%s -c%c -d%d -P%P -u%u -g%g -- %E" (or dumping to /mnt/6EAA986CAA983297/java/core.10440)
#
# If you would like to submit a bug report, please visit:
#   https://github.com/adoptium/adoptium-support/issues
#

---------------  S U M M A R Y ------------

Command Line: --add-modules=ALL-SYSTEM --add-opens=java.base/java.util=ALL-UNNAMED --add-opens=java.base/java.lang=ALL-UNNAMED --add-opens=java.base/sun.nio.fs=ALL-UNNAMED -Declipse.application=org.eclipse.jdt.ls.core.id1 -Dosgi.bundles.defaultStartLevel=4 -Declipse.product=org.eclipse.jdt.ls.core.product -Djava.import.generatesMetadataFilesAtProjectRoot=false -Dfile.encoding=utf8 -XX:+UseParallelGC -XX:GCTimeRatio=4 -XX:AdaptiveSizePolicyWeight=90 -Dsun.zip.disableMemoryMapping=true -Xmx1G -Xms100m -Xlog:disable -javaagent:/home/vibhu/.vscode/extensions/redhat.java-1.16.0-linux-x64/lombok/lombok-1.18.24.jar -XX:+HeapDumpOnOutOfMemoryError -XX:HeapDumpPath=/home/vibhu/.config/Code/User/workspaceStorage/af453ed2d88a855af8ce1c26fd43b9c4/redhat.java /home/vibhu/.vscode/extensions/redhat.java-1.16.0-linux-x64/server/plugins/org.eclipse.equinox.launcher_1.6.400.v20210924-0641.jar -configuration /home/vibhu/.config/Code/User/globalStorage/redhat.java/1.16.0/config_linux -data /home/vibhu/.config/Code/User/workspaceStorage/af453ed2d88a855af8ce1c26fd43b9c4/redhat.java/jdt_ws

Host: Intel(R) Core(TM) i5-10300H CPU @ 2.50GHz, 8 cores, 7G,  ­
Time: Sat Apr  1 07:04:37 2023 UTC elapsed time: 7453.332048 seconds (0d 2h 4m 13s)

---------------  T H R E A D  ---------------

Current thread (0x00007f8d140278c0):  JavaThread "main" [_thread_in_vm, id=10441, stack(0x00007f8d19c19000,0x00007f8d19d19000)]

Stack: [0x00007f8d19c19000,0x00007f8d19d19000],  sp=0x00007f8d19d16f00,  free space=1015k
Native frames: (J=compiled Java code, j=interpreted, Vv=VM code, C=native code)

[error occurred during error reporting (printing native stack), id 0x7, SIGBUS (0x7) at pc=0x00007f8d1b3746bc]

Java frames: (J=compiled Java code, j=interpreted, Vv=VM code)
j  java.lang.Shutdown.halt0(I)V+0 java.base@17.0.6
j  java.lang.Shutdown.halt(I)V+7 java.base@17.0.6
j  java.lang.Shutdown.exit(I)V+42 java.base@17.0.6
j  java.lang.Runtime.exit(I)V+14 java.base@17.0.6
j  java.lang.System.exit(I)V+4 java.base@17.0.6
j  org.eclipse.equinox.launcher.Main.main([Ljava/lang/String;)V+79
v  ~StubRoutines::call_stub

siginfo: si_signo: 7 (SIGBUS), si_code: 2 (BUS_ADRERR), si_addr: 0x00007f8d1b4c8418

Register to memory mapping:

RAX=
[error occurred during error reporting (printing register info), id 0x7, SIGBUS (0x7) at pc=0x00007f8d1b374748]

Registers:
RAX=0x00007f8d1b4c8410, RBX=0x00007f8d14016b50, RCX=0x0000000000000001, RDX=0x0000000000000027
RSP=0x00007f8d19d16f00, RBP=0x0000000000000000, RSI=0x000000007de3c953, RDI=0x000000007de3c953
R8 =0x0000000000000000, R9 =0x00007f8d14016e10, R10=0x00007f8d1b4c8510, R11=0x0000000000000000
R12=0x000000000000000b, R13=0x00007f8d14016ef0, R14=0x00007f8d14017810, R15=0x0000000000000000
RIP=0x00007f8d1b4e44e1, EFLAGS=0x0000000000010202, CSGSFS=0x002b000000000033, ERR=0x0000000000000004
  TRAPNO=0x000000000000000e

Top of Stack: (sp=0x00007f8d19d16f00)
0x00007f8d19d16f00:   00007f8d1b4c89a8 000000007de3c953
0x00007f8d19d16f10:   00007f8d19d16f84 0000000001f78f25
0x00007f8d19d16f20:   00000000eacaf490 0000000000000002
0x00007f8d19d16f30:   0000000000000000 00007f8d1436d020 

Instructions: (pc=0x00007f8d1b4e44e1)
0x00007f8d1b4e43e1:   8d 3d c1 54 02 00 e8 94 30 01 00 0f 1f 40 00 41
0x00007f8d1b4e43f1:   57 49 89 fb 41 56 41 55 41 54 55 53 48 81 ec 98
0x00007f8d1b4e4401:   00 00 00 45 8b 61 08 4c 89 44 24 48 48 8b ac 24
0x00007f8d1b4e4411:   d0 00 00 00 48 89 54 24 50 44 8b 84 24 f0 00 00
0x00007f8d1b4e4421:   00 48 89 4c 24 40 48 89 f7 44 89 c0 4c 89 5c 24
0x00007f8d1b4e4431:   38 4d 8b 31 48 c1 ef 06 83 e0 02 48 89 74 24 08
0x00007f8d1b4e4441:   4c 8b 9c 24 e8 00 00 00 48 89 7c 24 18 44 89 c7
0x00007f8d1b4e4451:   41 89 c7 83 e7 01 89 44 24 5c 89 7c 24 60 48 8d
0x00007f8d1b4e4461:   bc 24 84 00 00 00 48 89 7c 24 10 e9 a7 00 00 00
0x00007f8d1b4e4471:   0f 1f 80 00 00 00 00 8b 93 f4 02 00 00 85 d2 0f
0x00007f8d1b4e4481:   84 85 00 00 00 c7 84 24 84 00 00 00 00 00 00 00
0x00007f8d1b4e4491:   48 8b 43 70 48 c7 84 24 88 00 00 00 00 00 00 00
0x00007f8d1b4e44a1:   4c 8b 50 08 31 c0 f6 83 1e 03 00 00 20 74 06 48
0x00007f8d1b4e44b1:   8b 03 49 01 c2 48 8b 4b 68 48 03 41 08 48 89 04
0x00007f8d1b4e44c1:   24 48 8b 83 00 03 00 00 48 85 c0 0f 84 ce 00 00
0x00007f8d1b4e44d1:   00 48 8b 7c 24 08 8b 4c 24 18 23 8b f8 02 00 00
0x00007f8d1b4e44e1:   48 8b 04 c8 8b 8b fc 02 00 00 48 89 fe 48 d3 ee
0x00007f8d1b4e44f1:   48 89 f1 48 89 c6 48 d3 ee 89 f9 48 d3 e8 48 21
0x00007f8d1b4e4501:   c6 83 e6 01 0f 85 15 02 00 00 48 83 c5 01 49 39
0x00007f8d1b4e4511:   ec 0f 86 e8 02 00 00 49 8b 04 ee 48 8b 58 28 4c
0x00007f8d1b4e4521:   39 db 74 e6 45 85 ff 74 09 f6 83 1c 03 00 00 03
0x00007f8d1b4e4531:   74 d8 f6 83 1e 03 00 00 02 75 cf f6 05 9d e5 02
0x00007f8d1b4e4541:   00 08 0f 84 2f ff ff ff 48 8b 53 08 48 8b 4b 30
0x00007f8d1b4e4551:   80 3a 00 74 2a 48 8b 74 24 38 48 8d 3d 96 53 02
0x00007f8d1b4e4561:   00 31 c0 4c 89 9c 24 e8 00 00 00 e8 4f 46 00 00
0x00007f8d1b4e4571:   4c 8b 9c 24 e8 00 00 00 e9 fa fe ff ff 66 90 48
0x00007f8d1b4e4581:   8b 05 39 e5 02 00 48 8b 10 48 8d 05 92 25 02 00
0x00007f8d1b4e4591:   48 85 d2 48 0f 44 d0 eb bc 66 0f 1f 44 00 00 48
0x00007f8d1b4e45a1:   8b 44 24 50 bf ff ff ff ff 89 d6 48 8b 00 48 39
0x00007f8d1b4e45b1:   f8 0f 84 38 06 00 00 31 d2 48 f7 f6 48 8d 04 95
0x00007f8d1b4e45c1:   00 00 00 00 48 8b 93 10 03 00 00 8b 04 02 85 c0
0x00007f8d1b4e45d1:   0f 84 34 ff ff ff 48 8d bc 24 88 00 00 00 44 89 


Stack slot to memory mapping:
stack at sp + 0 slots: 
[error occurred during error reporting (inspecting top of stack), id 0x7, SIGBUS (0x7) at pc=0x00007f8d1b374748]


---------------  P R O C E S S  ---------------

Threads class SMR info:
_java_thread_list=0x00007f8cc804ecf0, length=24, elements={
0x00007f8d140278c0, 0x00007f8d141e7570, 0x00007f8d141e8ae0, 0x00007f8d1420fed0,
0x00007f8d142137c0, 0x00007f8d14214730, 0x00007f8d14215d80, 0x00007f8d14217230,
0x00007f8d14220660, 0x00007f8d1427e0c0, 0x00007f8d1436c100, 0x00007f8d1456d200,
0x00007f8d145cad20, 0x00007f8d145cdea0, 0x00007f8c9c032f10, 0x00007f8c9c295050,
0x00007f8c9c8a05a0, 0x00007f8d14755960, 0x00007f8d14918c50, 0x00007f8ce4000eb0,
0x00007f8c8c048540, 0x00007f8c5800a140, 0x00007f8c740064f0, 0x00007f8cd458ece0
}

Java Threads: ( => current thread )
=>0x00007f8d140278c0 JavaThread "main" [_thread_in_vm, id=10441, stack(0x00007f8d19c19000,0x00007f8d19d19000)]
  0x00007f8d141e7570 JavaThread "Reference Handler" daemon [_thread_blocked, id=10446, stack(0x00007f8cfaeef000,0x00007f8cfafef000)]
  0x00007f8d141e8ae0 JavaThread "Finalizer" daemon [_thread_blocked, id=10447, stack(0x00007f8cfadef000,0x00007f8cfaeef000)]
  0x00007f8d1420fed0 JavaThread "Signal Dispatcher" daemon [_thread_blocked, id=10449, stack(0x00007f8cf9f00000,0x00007f8cfa000000)]
  0x00007f8d142137c0 JavaThread "Service Thread" daemon [_thread_blocked, id=10450, stack(0x00007f8cf9e00000,0x00007f8cf9f00000)]
  0x00007f8d14214730 JavaThread "Monitor Deflation Thread" daemon [_thread_blocked, id=10451, stack(0x00007f8cf9d00000,0x00007f8cf9e00000)]
  0x00007f8d14215d80 JavaThread "C2 CompilerThread0" daemon [_thread_blocked, id=10452, stack(0x00007f8cf9c00000,0x00007f8cf9d00000)]
  0x00007f8d14217230 JavaThread "C1 CompilerThread0" daemon [_thread_blocked, id=10453, stack(0x00007f8cf9b00000,0x00007f8cf9c00000)]
  0x00007f8d14220660 JavaThread "Sweeper thread" daemon [_thread_blocked, id=10454, stack(0x00007f8cf9a00000,0x00007f8cf9b00000)]
  0x00007f8d1427e0c0 JavaThread "Common-Cleaner" daemon [_thread_blocked, id=10455, stack(0x00007f8cf9900000,0x00007f8cf9a00000)]
  0x00007f8d1436c100 JavaThread "Notification Thread" daemon [_thread_blocked, id=10458, stack(0x00007f8cf9800000,0x00007f8cf9900000)]
  0x00007f8d1456d200 JavaThread "Active Thread: Equinox Container: fcc589fc-9028-4993-ac17-4b504306889f" [_thread_blocked, id=10484, stack(0x00007f8cf86f8000,0x00007f8cf87f8000)]
  0x00007f8d145cad20 JavaThread "Framework Event Dispatcher: Equinox Container: fcc589fc-9028-4993-ac17-4b504306889f" daemon [_thread_blocked, id=10487, stack(0x00007f8cf85f8000,0x00007f8cf86f8000)]
  0x00007f8d145cdea0 JavaThread "Start Level: Equinox Container: fcc589fc-9028-4993-ac17-4b504306889f" daemon [_thread_blocked, id=10488, stack(0x00007f8cf84f8000,0x00007f8cf85f8000)]
  0x00007f8c9c032f10 JavaThread "SCR Component Actor" daemon [_thread_blocked, id=10490, stack(0x00007f8cf8100000,0x00007f8cf8200000)]
  0x00007f8c9c295050 JavaThread "Worker-JM" [_thread_blocked, id=10503, stack(0x00007f8c9bdfe000,0x00007f8c9befe000)]
  0x00007f8c9c8a05a0 JavaThread "Java indexing" daemon [_thread_blocked, id=10511, stack(0x00007f8c9b100000,0x00007f8c9b200000)]
  0x00007f8d14755960 JavaThread "pool-2-thread-1" [_thread_blocked, id=10519, stack(0x00007f8c9b000000,0x00007f8c9b100000)]
  0x00007f8d14918c50 JavaThread "pool-1-thread-1" [_thread_blocked, id=10521, stack(0x00007f8c9a4b4000,0x00007f8c9a5b4000)]
  0x00007f8ce4000eb0 JavaThread "Attach Listener" daemon [_thread_blocked, id=10628, stack(0x00007f8c63300000,0x00007f8c63400000)]
  0x00007f8c8c048540 JavaThread "Worker-25" [_thread_blocked, id=45805, stack(0x00007f8c98693000,0x00007f8c98793000)]
  0x00007f8c5800a140 JavaThread "Worker-29" [_thread_blocked, id=57668, stack(0x00007f8cf8000000,0x00007f8cf8100000)]
  0x00007f8c740064f0 JavaThread "pool-3-thread-1" [_thread_blocked, id=85992, stack(0x00007f8c9b200000,0x00007f8c9b300000)]
  0x00007f8cd458ece0 JavaThread "C2 CompilerThread1" daemon [_thread_blocked, id=85993, stack(0x00007f8c98393000,0x00007f8c98493000)]

Other Threads:
  0x00007f8d141d7900 VMThread "VM Thread" [stack: 0x00007f8cfaff1000,0x00007f8cfb0f1000] [id=10444]
  0x00007f8d1403f500 GCTaskThread "GC Thread#0" [stack: 0x00007f8d19742000,0x00007f8d19842000] [id=10442]
  0x00007f8cf4001230 GCTaskThread "GC Thread#1" [stack: 0x00007f8cf95fe000,0x00007f8cf96fe000] [id=10476]
  0x00007f8cf4003120 GCTaskThread "GC Thread#2" [stack: 0x00007f8cf94fc000,0x00007f8cf95fc000] [id=10477]
  0x00007f8cf4003ad0 GCTaskThread "GC Thread#3" [stack: 0x00007f8cf8b00000,0x00007f8cf8c00000] [id=10478]
  0x00007f8cf4004870 GCTaskThread "GC Thread#4" [stack: 0x00007f8cf89fe000,0x00007f8cf8afe000] [id=10479]
  0x00007f8cf4005610 GCTaskThread "GC Thread#5" [stack: 0x00007f8cf88fc000,0x00007f8cf89fc000] [id=10480]
  0x00007f8cf40063b0 GCTaskThread "GC Thread#6" [stack: 0x00007f8cf87fa000,0x00007f8cf88fa000] [id=10481]
  0x00007f8cf4007c70 GCTaskThread "GC Thread#7" [stack: 0x00007f8c9bf00000,0x00007f8c9c000000] [id=10498]

Threads with active compile tasks:

VM state: not at safepoint (normal execution)

VM Mutex/Monitor currently owned by a thread: None

Heap address: 0x00000000c0000000, size: 1024 MB, Compressed Oops mode: 32-bit

CDS archive(s) not mapped
Compressed class space mapped at: 0x0000000100000000-0x0000000140000000, reserved size: 1073741824
Narrow klass base: 0x0000000000000000, Narrow klass shift: 3, Narrow klass range: 0x140000000

GC Precious Log:
 CPUs: 8 total, 8 available
 Memory: 7814M
 Large Page Support: Disabled
 NUMA Support: Disabled
 Compressed Oops: Enabled (32-bit)
 Alignments: Space 512K, Generation 512K, Heap 2M
 Heap Min Capacity: 100M
 Heap Initial Capacity: 100M
 Heap Max Capacity: 1G
 Pre-touch: Disabled
 Parallel Workers: 8

Heap:
 PSYoungGen      total 3072K, used 2848K [0x00000000eab00000, 0x00000000eaf00000, 0x0000000100000000)
  eden space 2560K, 100% used [0x00000000eab00000,0x00000000ead80000,0x00000000ead80000)
  from space 512K, 56% used [0x00000000eae80000,0x00000000eaec8000,0x00000000eaf00000)
  to   space 512K, 0% used [0x00000000eae00000,0x00000000eae00000,0x00000000eae80000)
 ParOldGen       total 149504K, used 132191K [0x00000000c0000000, 0x00000000c9200000, 0x00000000eab00000)
  object space 149504K, 88% used [0x00000000c0000000,0x00000000c8117f48,0x00000000c9200000)
 Metaspace       used 87171K, committed 88256K, reserved 1130496K
  class space    used 8528K, committed 9024K, reserved 1048576K

Card table byte_map: [0x00007f8d19842000,0x00007f8d19a43000] _byte_map_base: 0x00007f8d19242000

Marking Bits: (ParMarkBitMap*) 0x00007f8d1b11a780
 Begin Bits: [0x00007f8d00200000, 0x00007f8d01200000)
 End Bits:   [0x00007f8d01200000, 0x00007f8d02200000)

Polling page: 0x00007f8d1b4d5000

Metaspace:

Usage:
  Non-class:     76.80 MB used.
      Class:      8.33 MB used.
       Both:     85.13 MB used.

Virtual space:
  Non-class space:       80.00 MB reserved,      77.38 MB ( 97%) committed,  10 nodes.
      Class space:        1.00 GB reserved,       8.81 MB ( <1%) committed,  1 nodes.
             Both:        1.08 GB reserved,      86.19 MB (  8%) committed. 

Chunk freelists:
   Non-Class:  2.50 MB
       Class:  3.12 MB
        Both:  5.62 MB

MaxMetaspaceSize: unlimited
CompressedClassSpaceSize: 1.00 GB
Initial GC threshold: 21.00 MB
Current GC threshold: 143.38 MB
CDS: off
MetaspaceReclaimPolicy: balanced
 - commit_granule_bytes: 65536.
 - commit_granule_words: 8192.
 - virtual_space_node_default_size: 1048576.
 - enlarge_chunks_in_place: 1.
 - new_chunks_are_fully_committed: 0.
 - uncommit_free_chunks: 1.
 - use_allocation_guard: 0.
 - handle_deallocations: 1.


Internal statistics:

num_allocs_failed_limit: 13.
num_arena_births: 690.
num_arena_deaths: 116.
num_vsnodes_births: 11.
num_vsnodes_deaths: 0.
num_space_committed: 1379.
num_space_uncommitted: 0.
num_chunks_returned_to_freelist: 146.
num_chunks_taken_from_freelist: 4318.
num_chunk_merges: 50.
num_chunk_splits: 2646.
num_chunks_enlarged: 1505.
num_purges: 8.
num_inconsistent_stats: 0.

CodeHeap 'non-profiled nmethods': size=120028Kb used=21277Kb max_used=22232Kb free=98750Kb
 bounds [0x00007f8d09cc9000, 0x00007f8d0b299000, 0x00007f8d11200000]
CodeHeap 'profiled nmethods': size=120028Kb used=33577Kb max_used=34879Kb free=86450Kb
 bounds [0x00007f8d02200000, 0x00007f8d04420000, 0x00007f8d09737000]
CodeHeap 'non-nmethods': size=5704Kb used=1405Kb max_used=1517Kb free=4298Kb
 bounds [0x00007f8d09737000, 0x00007f8d099a7000, 0x00007f8d09cc9000]
 total_blobs=17190 nmethods=16440 adapters=662
 compilation: enabled
              stopped_count=0, restarted_count=0
 full_count=0

Compilation events (20 events):
Event: 7453.325 Thread 0x00007f8d14215d80 nmethod 23707 0x00007f8d0a22d310 code [0x00007f8d0a22d4a0, 0x00007f8d0a22d738]
Event: 7453.326 Thread 0x00007f8d14215d80 23711       4       java.util.Calendar::get (10 bytes)
Event: 7453.326 Thread 0x00007f8d14217230 23712       3       java.util.Calendar::getBaseStyle (6 bytes)
Event: 7453.326 Thread 0x00007f8d14217230 nmethod 23712 0x00007f8d027c5910 code [0x00007f8d027c5aa0, 0x00007f8d027c5bb0]
Event: 7453.326 Thread 0x00007f8d14217230 23713       3       java.text.DontCareFieldPosition$1::formatted (1 bytes)
Event: 7453.326 Thread 0x00007f8d14217230 nmethod 23713 0x00007f8d02a1b790 code [0x00007f8d02a1b920, 0x00007f8d02a1ba30]
Event: 7453.327 Thread 0x00007f8d14215d80 nmethod 23711 0x00007f8d0a22ce10 code [0x00007f8d0a22cfa0, 0x00007f8d0a22d0b8]
Event: 7453.328 Thread 0x00007f8d14217230 23714   !   3       org.eclipse.osgi.internal.log.ExtendedLogReaderServiceFactory::isLoggablePrivileged (147 bytes)
Event: 7453.328 Thread 0x00007f8d14215d80 23717       4       org.eclipse.osgi.internal.serviceregistry.FilteredServiceListener::serviceChanged (284 bytes)
Event: 7453.328 Thread 0x00007f8d14217230 nmethod 23714 0x00007f8d0367aa90 code [0x00007f8d0367ad60, 0x00007f8d0367ba40]
Event: 7453.328 Thread 0x00007f8d14217230 23715       3       org.eclipse.osgi.internal.framework.FilterImpl::match (19 bytes)
Event: 7453.328 Thread 0x00007f8cd458ece0 23720       4       org.eclipse.osgi.framework.eventmgr.CopyOnWriteIdentityMap$Snapshot$SnapshotIterator::hasNext (15 bytes)
Event: 7453.329 Thread 0x00007f8cd458ece0 nmethod 23720 0x00007f8d0b05da10 code [0x00007f8d0b05db80, 0x00007f8d0b05dc18]
Event: 7453.329 Thread 0x00007f8cd458ece0 23718       4       org.eclipse.osgi.framework.eventmgr.CopyOnWriteIdentityMap$Snapshot$EntryIterator::next (5 bytes)
Event: 7453.329 Thread 0x00007f8d14217230 nmethod 23715 0x00007f8d03f90f90 code [0x00007f8d03f911c0, 0x00007f8d03f91cb0]
Event: 7453.329 Thread 0x00007f8d14217230 23716       3       org.eclipse.osgi.internal.framework.FilterImpl$ServiceReferenceMap::asMap (27 bytes)
Event: 7453.329 Thread 0x00007f8d14217230 nmethod 23716 0x00007f8d0361ab90 code [0x00007f8d0361ada0, 0x00007f8d0361b6a0]
Event: 7453.329 Thread 0x00007f8d14217230 23722   !   3       org.eclipse.osgi.container.ModuleDatabase::getTimestamp (25 bytes)
Event: 7453.329 Thread 0x00007f8cd458ece0 nmethod 23718 0x00007f8d0b05d610 code [0x00007f8d0b05d7a0, 0x00007f8d0b05d8b8]
Event: 7453.329 Thread 0x00007f8cd458ece0 23719       4       org.eclipse.osgi.framework.eventmgr.CopyOnWriteIdentityMap$Snapshot$SnapshotIterator::nextEntry (58 bytes)

GC Heap History (20 events):
Event: 5132.182 GC heap before
{Heap before GC invocations=7486 (full 245):
 PSYoungGen      total 2560K, used 2533K [0x00000000eab00000, 0x00000000eb100000, 0x0000000100000000)
  eden space 512K, 100% used [0x00000000eab00000,0x00000000eab80000,0x00000000eab80000)
  from space 2048K, 98% used [0x00000000ead80000,0x00000000eaf79480,0x00000000eaf80000)
  to   space 2048K, 0% used [0x00000000eab80000,0x00000000eab80000,0x00000000ead80000)
 ParOldGen       total 155136K, used 152468K [0x00000000c0000000, 0x00000000c9780000, 0x00000000eab00000)
  object space 155136K, 98% used [0x00000000c0000000,0x00000000c94e5020,0x00000000c9780000)
 Metaspace       used 87147K, committed 88192K, reserved 1130496K
  class space    used 8523K, committed 9024K, reserved 1048576K
}
Event: 5132.185 GC heap after
{Heap after GC invocations=7486 (full 245):
 PSYoungGen      total 2560K, used 2021K [0x00000000eab00000, 0x00000000eb100000, 0x0000000100000000)
  eden space 512K, 0% used [0x00000000eab00000,0x00000000eab00000,0x00000000eab80000)
  from space 2048K, 98% used [0x00000000eab80000,0x00000000ead79480,0x00000000ead80000)
  to   space 2560K, 0% used [0x00000000eae80000,0x00000000eae80000,0x00000000eb100000)
 ParOldGen       total 155136K, used 152892K [0x00000000c0000000, 0x00000000c9780000, 0x00000000eab00000)
  object space 155136K, 98% used [0x00000000c0000000,0x00000000c954f020,0x00000000c9780000)
 Metaspace       used 87147K, committed 88192K, reserved 1130496K
  class space    used 8523K, committed 9024K, reserved 1048576K
}
Event: 5132.188 GC heap before
{Heap before GC invocations=7487 (full 245):
 PSYoungGen      total 2560K, used 2533K [0x00000000eab00000, 0x00000000eb100000, 0x0000000100000000)
  eden space 512K, 100% used [0x00000000eab00000,0x00000000eab80000,0x00000000eab80000)
  from space 2048K, 98% used [0x00000000eab80000,0x00000000ead79480,0x00000000ead80000)
  to   space 2560K, 0% used [0x00000000eae80000,0x00000000eae80000,0x00000000eb100000)
 ParOldGen       total 155136K, used 152892K [0x00000000c0000000, 0x00000000c9780000, 0x00000000eab00000)
  object space 155136K, 98% used [0x00000000c0000000,0x00000000c954f020,0x00000000c9780000)
 Metaspace       used 87147K, committed 88192K, reserved 1130496K
  class space    used 8523K, committed 9024K, reserved 1048576K
}
Event: 5132.191 GC heap after
{Heap after GC invocations=7487 (full 245):
 PSYoungGen      total 3584K, used 2213K [0x00000000eab00000, 0x00000000eb100000, 0x0000000100000000)
  eden space 1024K, 0% used [0x00000000eab00000,0x00000000eab00000,0x00000000eac00000)
  from space 2560K, 86% used [0x00000000eae80000,0x00000000eb0a9480,0x00000000eb100000)
  to   space 2560K, 0% used [0x00000000eac00000,0x00000000eac00000,0x00000000eae80000)
 ParOldGen       total 155136K, used 152892K [0x00000000c0000000, 0x00000000c9780000, 0x00000000eab00000)
  object space 155136K, 98% used [0x00000000c0000000,0x00000000c954f020,0x00000000c9780000)
 Metaspace       used 87147K, committed 88192K, reserved 1130496K
  class space    used 8523K, committed 9024K, reserved 1048576K
}
Event: 5132.194 GC heap before
{Heap before GC invocations=7488 (full 245):
 PSYoungGen      total 3584K, used 3237K [0x00000000eab00000, 0x00000000eb100000, 0x0000000100000000)
  eden space 1024K, 99% used [0x00000000eab00000,0x00000000eabffff0,0x00000000eac00000)
  from space 2560K, 86% used [0x00000000eae80000,0x00000000eb0a9480,0x00000000eb100000)
  to   space 2560K, 0% used [0x00000000eac00000,0x00000000eac00000,0x00000000eae80000)
 ParOldGen       total 155136K, used 152892K [0x00000000c0000000, 0x00000000c9780000, 0x00000000eab00000)
  object space 155136K, 98% used [0x00000000c0000000,0x00000000c954f020,0x00000000c9780000)
 Metaspace       used 87147K, committed 88192K, reserved 1130496K
  class space    used 8523K, committed 9024K, reserved 1048576K
}
Event: 5132.196 GC heap after
{Heap after GC invocations=7488 (full 245):
 PSYoungGen      total 3584K, used 2181K [0x00000000eab00000, 0x00000000eb180000, 0x0000000100000000)
  eden space 1024K, 0% used [0x00000000eab00000,0x00000000eab00000,0x00000000eac00000)
  from space 2560K, 85% used [0x00000000eac00000,0x00000000eae21480,0x00000000eae80000)
  to   space 2560K, 0% used [0x00000000eaf00000,0x00000000eaf00000,0x00000000eb180000)
 ParOldGen       total 155136K, used 152892K [0x00000000c0000000, 0x00000000c9780000, 0x00000000eab00000)
  object space 155136K, 98% used [0x00000000c0000000,0x00000000c954f020,0x00000000c9780000)
 Metaspace       used 87147K, committed 88192K, reserved 1130496K
  class space    used 8523K, committed 9024K, reserved 1048576K
}
Event: 5132.199 GC heap before
{Heap before GC invocations=7489 (full 245):
 PSYoungGen      total 3584K, used 3205K [0x00000000eab00000, 0x00000000eb180000, 0x0000000100000000)
  eden space 1024K, 100% used [0x00000000eab00000,0x00000000eac00000,0x00000000eac00000)
  from space 2560K, 85% used [0x00000000eac00000,0x00000000eae21480,0x00000000eae80000)
  to   space 2560K, 0% used [0x00000000eaf00000,0x00000000eaf00000,0x00000000eb180000)
 ParOldGen       total 155136K, used 152892K [0x00000000c0000000, 0x00000000c9780000, 0x00000000eab00000)
  object space 155136K, 98% used [0x00000000c0000000,0x00000000c954f020,0x00000000c9780000)
 Metaspace       used 87147K, committed 88192K, reserved 1130496K
  class space    used 8523K, committed 9024K, reserved 1048576K
}
Event: 5132.201 GC heap after
{Heap after GC invocations=7489 (full 245):
 PSYoungGen      total 4096K, used 2469K [0x00000000eab00000, 0x00000000eb180000, 0x0000000100000000)
  eden space 1536K, 0% used [0x00000000eab00000,0x00000000eab00000,0x00000000eac80000)
  from space 2560K, 96% used [0x00000000eaf00000,0x00000000eb169480,0x00000000eb180000)
  to   space 2560K, 0% used [0x00000000eac80000,0x00000000eac80000,0x00000000eaf00000)
 ParOldGen       total 155136K, used 152924K [0x00000000c0000000, 0x00000000c9780000, 0x00000000eab00000)
  object space 155136K, 98% used [0x00000000c0000000,0x00000000c9557020,0x00000000c9780000)
 Metaspace       used 87147K, committed 88192K, reserved 1130496K
  class space    used 8523K, committed 9024K, reserved 1048576K
}
Event: 5132.246 GC heap before
{Heap before GC invocations=7490 (full 245):
 PSYoungGen      total 4096K, used 4005K [0x00000000eab00000, 0x00000000eb180000, 0x0000000100000000)
  eden space 1536K, 100% used [0x00000000eab00000,0x00000000eac80000,0x00000000eac80000)
  from space 2560K, 96% used [0x00000000eaf00000,0x00000000eb169480,0x00000000eb180000)
  to   space 2560K, 0% used [0x00000000eac80000,0x00000000eac80000,0x00000000eaf00000)
 ParOldGen       total 155136K, used 152924K [0x00000000c0000000, 0x00000000c9780000, 0x00000000eab00000)
  object space 155136K, 98% used [0x00000000c0000000,0x00000000c9557020,0x00000000c9780000)
 Metaspace       used 87147K, committed 88192K, reserved 1130496K
  class space    used 8523K, committed 9024K, reserved 1048576K
}
Event: 5132.251 GC heap after
{Heap after GC invocations=7490 (full 245):
 PSYoungGen      total 4096K, used 1440K [0x00000000eab00000, 0x00000000eb100000, 0x0000000100000000)
  eden space 1536K, 0% used [0x00000000eab00000,0x00000000eab00000,0x00000000eac80000)
  from space 2560K, 56% used [0x00000000eac80000,0x00000000eade8000,0x00000000eaf00000)
  to   space 2048K, 0% used [0x00000000eaf00000,0x00000000eaf00000,0x00000000eb100000)
 ParOldGen       total 155136K, used 153905K [0x00000000c0000000, 0x00000000c9780000, 0x00000000eab00000)
  object space 155136K, 99% used [0x00000000c0000000,0x00000000c964c4a0,0x00000000c9780000)
 Metaspace       used 87147K, committed 88192K, reserved 1130496K
  class space    used 8523K, committed 9024K, reserved 1048576K
}
Event: 5133.403 GC heap before
{Heap before GC invocations=7491 (full 245):
 PSYoungGen      total 4096K, used 2975K [0x00000000eab00000, 0x00000000eb100000, 0x0000000100000000)
  eden space 1536K, 99% used [0x00000000eab00000,0x00000000eac7fff0,0x00000000eac80000)
  from space 2560K, 56% used [0x00000000eac80000,0x00000000eade8000,0x00000000eaf00000)
  to   space 2048K, 0% used [0x00000000eaf00000,0x00000000eaf00000,0x00000000eb100000)
 ParOldGen       total 155136K, used 153905K [0x00000000c0000000, 0x00000000c9780000, 0x00000000eab00000)
  object space 155136K, 99% used [0x00000000c0000000,0x00000000c964c4a0,0x00000000c9780000)
 Metaspace       used 87147K, committed 88192K, reserved 1130496K
  class space    used 8523K, committed 9024K, reserved 1048576K
}
Event: 5133.407 GC heap after
{Heap after GC invocations=7491 (full 245):
 PSYoungGen      total 3072K, used 576K [0x00000000eab00000, 0x00000000eb000000, 0x0000000100000000)
  eden space 2048K, 0% used [0x00000000eab00000,0x00000000eab00000,0x00000000ead00000)
  from space 1024K, 56% used [0x00000000eaf00000,0x00000000eaf90000,0x00000000eb000000)
  to   space 1024K, 0% used [0x00000000eae00000,0x00000000eae00000,0x00000000eaf00000)
 ParOldGen       total 155136K, used 154625K [0x00000000c0000000, 0x00000000c9780000, 0x00000000eab00000)
  object space 155136K, 99% used [0x00000000c0000000,0x00000000c97004a0,0x00000000c9780000)
 Metaspace       used 87147K, committed 88192K, reserved 1130496K
  class space    used 8523K, committed 9024K, reserved 1048576K
}
Event: 5133.408 GC heap before
{Heap before GC invocations=7492 (full 246):
 PSYoungGen      total 3072K, used 576K [0x00000000eab00000, 0x00000000eb000000, 0x0000000100000000)
  eden space 2048K, 0% used [0x00000000eab00000,0x00000000eab00000,0x00000000ead00000)
  from space 1024K, 56% used [0x00000000eaf00000,0x00000000eaf90000,0x00000000eb000000)
  to   space 1024K, 0% used [0x00000000eae00000,0x00000000eae00000,0x00000000eaf00000)
 ParOldGen       total 155136K, used 154625K [0x00000000c0000000, 0x00000000c9780000, 0x00000000eab00000)
  object space 155136K, 99% used [0x00000000c0000000,0x00000000c97004a0,0x00000000c9780000)
 Metaspace       used 87147K, committed 88192K, reserved 1130496K
  class space    used 8523K, committed 9024K, reserved 1048576K
}
Event: 5133.515 GC heap after
{Heap after GC invocations=7492 (full 246):
 PSYoungGen      total 3072K, used 0K [0x00000000eab00000, 0x00000000eaf80000, 0x0000000100000000)
  eden space 2560K, 0% used [0x00000000eab00000,0x00000000eab00000,0x00000000ead80000)
  from space 512K, 0% used [0x00000000eae00000,0x00000000eae00000,0x00000000eae80000)
  to   space 1024K, 0% used [0x00000000eae80000,0x00000000eae80000,0x00000000eaf80000)
 ParOldGen       total 149504K, used 132183K [0x00000000c0000000, 0x00000000c9200000, 0x00000000eab00000)
  object space 149504K, 88% used [0x00000000c0000000,0x00000000c8115f48,0x00000000c9200000)
 Metaspace       used 87143K, committed 88192K, reserved 1130496K
  class space    used 8522K, committed 9024K, reserved 1048576K
}
Event: 5133.522 GC heap before
{Heap before GC invocations=7493 (full 246):
 PSYoungGen      total 3072K, used 2560K [0x00000000eab00000, 0x00000000eaf80000, 0x0000000100000000)
  eden space 2560K, 100% used [0x00000000eab00000,0x00000000ead80000,0x00000000ead80000)
  from space 512K, 0% used [0x00000000eae00000,0x00000000eae00000,0x00000000eae80000)
  to   space 1024K, 0% used [0x00000000eae80000,0x00000000eae80000,0x00000000eaf80000)
 ParOldGen       total 149504K, used 132183K [0x00000000c0000000, 0x00000000c9200000, 0x00000000eab00000)
  object space 149504K, 88% used [0x00000000c0000000,0x00000000c8115f48,0x00000000c9200000)
 Metaspace       used 87148K, committed 88192K, reserved 1130496K
  class space    used 8522K, committed 9024K, reserved 1048576K
}
Event: 5133.523 GC heap after
{Heap after GC invocations=7493 (full 246):
 PSYoungGen      total 3584K, used 768K [0x00000000eab00000, 0x00000000eaf80000, 0x0000000100000000)
  eden space 2560K, 0% used [0x00000000eab00000,0x00000000eab00000,0x00000000ead80000)
  from space 1024K, 75% used [0x00000000eae80000,0x00000000eaf40000,0x00000000eaf80000)
  to   space 1024K, 0% used [0x00000000ead80000,0x00000000ead80000,0x00000000eae80000)
 ParOldGen       total 149504K, used 132183K [0x00000000c0000000, 0x00000000c9200000, 0x00000000eab00000)
  object space 149504K, 88% used [0x00000000c0000000,0x00000000c8115f48,0x00000000c9200000)
 Metaspace       used 87148K, committed 88192K, reserved 1130496K
  class space    used 8522K, committed 9024K, reserved 1048576K
}
Event: 5723.971 GC heap before
{Heap before GC invocations=7494 (full 246):
 PSYoungGen      total 3584K, used 3327K [0x00000000eab00000, 0x00000000eaf80000, 0x0000000100000000)
  eden space 2560K, 99% used [0x00000000eab00000,0x00000000ead7fff0,0x00000000ead80000)
  from space 1024K, 75% used [0x00000000eae80000,0x00000000eaf40000,0x00000000eaf80000)
  to   space 1024K, 0% used [0x00000000ead80000,0x00000000ead80000,0x00000000eae80000)
 ParOldGen       total 149504K, used 132183K [0x00000000c0000000, 0x00000000c9200000, 0x00000000eab00000)
  object space 149504K, 88% used [0x00000000c0000000,0x00000000c8115f48,0x00000000c9200000)
 Metaspace       used 87149K, committed 88192K, reserved 1130496K
  class space    used 8522K, committed 9024K, reserved 1048576K
}
Event: 5723.973 GC heap after
{Heap after GC invocations=7494 (full 246):
 PSYoungGen      total 3584K, used 256K [0x00000000eab00000, 0x00000000eaf00000, 0x0000000100000000)
  eden space 2560K, 0% used [0x00000000eab00000,0x00000000eab00000,0x00000000ead80000)
  from space 1024K, 25% used [0x00000000ead80000,0x00000000eadc0000,0x00000000eae80000)
  to   space 512K, 0% used [0x00000000eae80000,0x00000000eae80000,0x00000000eaf00000)
 ParOldGen       total 149504K, used 132191K [0x00000000c0000000, 0x00000000c9200000, 0x00000000eab00000)
  object space 149504K, 88% used [0x00000000c0000000,0x00000000c8117f48,0x00000000c9200000)
 Metaspace       used 87149K, committed 88192K, reserved 1130496K
  class space    used 8522K, committed 9024K, reserved 1048576K
}
Event: 6449.786 GC heap before
{Heap before GC invocations=7495 (full 246):
 PSYoungGen      total 3584K, used 2803K [0x00000000eab00000, 0x00000000eaf00000, 0x0000000100000000)
  eden space 2560K, 99% used [0x00000000eab00000,0x00000000ead7cdc8,0x00000000ead80000)
  from space 1024K, 25% used [0x00000000ead80000,0x00000000eadc0000,0x00000000eae80000)
  to   space 512K, 0% used [0x00000000eae80000,0x00000000eae80000,0x00000000eaf00000)
 ParOldGen       total 149504K, used 132191K [0x00000000c0000000, 0x00000000c9200000, 0x00000000eab00000)
  object space 149504K, 88% used [0x00000000c0000000,0x00000000c8117f48,0x00000000c9200000)
 Metaspace       used 87149K, committed 88192K, reserved 1130496K
  class space    used 8522K, committed 9024K, reserved 1048576K
}
Event: 6449.788 GC heap after
{Heap after GC invocations=7495 (full 246):
 PSYoungGen      total 3072K, used 288K [0x00000000eab00000, 0x00000000eaf00000, 0x0000000100000000)
  eden space 2560K, 0% used [0x00000000eab00000,0x00000000eab00000,0x00000000ead80000)
  from space 512K, 56% used [0x00000000eae80000,0x00000000eaec8000,0x00000000eaf00000)
  to   space 512K, 0% used [0x00000000eae00000,0x00000000eae00000,0x00000000eae80000)
 ParOldGen       total 149504K, used 132191K [0x00000000c0000000, 0x00000000c9200000, 0x00000000eab00000)
  object space 149504K, 88% used [0x00000000c0000000,0x00000000c8117f48,0x00000000c9200000)
 Metaspace       used 87149K, committed 88192K, reserved 1130496K
  class space    used 8522K, committed 9024K, reserved 1048576K
}

Dll operation events (10 events):
Event: 0.005 Loaded shared library /home/vibhu/.vscode/extensions/redhat.java-1.16.0-linux-x64/jre/17.0.6-linux-x86_64/lib/libjava.so
Event: 0.158 Loaded shared library /home/vibhu/.vscode/extensions/redhat.java-1.16.0-linux-x64/jre/17.0.6-linux-x86_64/lib/libzip.so
Event: 0.160 Loaded shared library /home/vibhu/.vscode/extensions/redhat.java-1.16.0-linux-x64/jre/17.0.6-linux-x86_64/lib/libinstrument.so
Event: 0.169 Loaded shared library /home/vibhu/.vscode/extensions/redhat.java-1.16.0-linux-x64/jre/17.0.6-linux-x86_64/lib/libnio.so
Event: 0.180 Loaded shared library /home/vibhu/.vscode/extensions/redhat.java-1.16.0-linux-x64/jre/17.0.6-linux-x86_64/lib/libzip.so
Event: 0.194 Loaded shared library /home/vibhu/.vscode/extensions/redhat.java-1.16.0-linux-x64/jre/17.0.6-linux-x86_64/lib/libjimage.so
Event: 0.221 Loaded shared library /home/vibhu/.vscode/extensions/redhat.java-1.16.0-linux-x64/jre/17.0.6-linux-x86_64/lib/libverify.so
Event: 0.705 Loaded shared library /home/vibhu/.vscode/extensions/redhat.java-1.16.0-linux-x64/jre/17.0.6-linux-x86_64/lib/libnet.so
Event: 1.041 Loaded shared library /home/vibhu/.config/Code/User/globalStorage/redhat.java/1.16.0/config_linux/org.eclipse.equinox.launcher/org.eclipse.equinox.launcher.gtk.linux.x86_64_1.2.700.v20221108-1024/eclipse_11801.so
Event: 702.902 Loaded shared library /home/vibhu/.vscode/extensions/redhat.java-1.16.0-linux-x64/jre/17.0.6-linux-x86_64/lib/libextnet.so

Deoptimization events (20 events):
Event: 7453.327 Thread 0x00007f8c8c048540 DEOPT PACKING pc=0x00007f8d0a6fc3a8 sp=0x00007f8c98791260
Event: 7453.327 Thread 0x00007f8c8c048540 DEOPT UNPACKING pc=0x00007f8d0978d399 sp=0x00007f8c98791208 mode 2
Event: 7453.327 Thread 0x00007f8d14755960 DEOPT PACKING pc=0x00007f8d025ea264 sp=0x00007f8c9b0fe5e0
Event: 7453.327 Thread 0x00007f8d14755960 DEOPT UNPACKING pc=0x00007f8d0978db2f sp=0x00007f8c9b0fdad8 mode 0
Event: 7453.328 Thread 0x00007f8d140278c0 Uncommon trap: trap_request=0xffffff45 fr.pc=0x00007f8d0a48d408 relative=0x00000000000002e8
Event: 7453.328 Thread 0x00007f8d140278c0 Uncommon trap: reason=unstable_if action=reinterpret pc=0x00007f8d0a48d408 method=org.eclipse.core.internal.runtime.PlatformLogWriter.isLoggable(Lorg/osgi/framework/Bundle;Ljava/lang/String;I)Z @ 6 c2
Event: 7453.328 Thread 0x00007f8d140278c0 DEOPT PACKING pc=0x00007f8d0a48d408 sp=0x00007f8d19d16570
Event: 7453.328 Thread 0x00007f8d140278c0 DEOPT UNPACKING pc=0x00007f8d0978d399 sp=0x00007f8d19d16510 mode 2
Event: 7453.328 Thread 0x00007f8d140278c0 Uncommon trap: trap_request=0xffffff45 fr.pc=0x00007f8d0a6000b0 relative=0x0000000000000210
Event: 7453.328 Thread 0x00007f8d140278c0 Uncommon trap: reason=unstable_if action=reinterpret pc=0x00007f8d0a6000b0 method=org.eclipse.core.internal.runtime.Log.isLoggable(Lorg/osgi/framework/Bundle;Ljava/lang/String;I)Z @ 6 c2
Event: 7453.328 Thread 0x00007f8d140278c0 DEOPT PACKING pc=0x00007f8d0a6000b0 sp=0x00007f8d19d16560
Event: 7453.328 Thread 0x00007f8d140278c0 DEOPT UNPACKING pc=0x00007f8d0978d399 sp=0x00007f8d19d16510 mode 2
Event: 7453.329 Thread 0x00007f8d140278c0 Uncommon trap: trap_request=0xfffffff4 fr.pc=0x00007f8d0b23a440 relative=0x0000000000002ae0
Event: 7453.329 Thread 0x00007f8d140278c0 Uncommon trap: reason=null_check action=make_not_entrant pc=0x00007f8d0b23a440 method=org.eclipse.core.internal.runtime.PlatformLogWriter.convertToStatus(Lorg/osgi/service/log/LogEntry;)Lorg/eclipse/core/runtime/IStatus; @ 49 c2
Event: 7453.329 Thread 0x00007f8d140278c0 DEOPT PACKING pc=0x00007f8d0b23a440 sp=0x00007f8d19d16de0
Event: 7453.329 Thread 0x00007f8d140278c0 DEOPT UNPACKING pc=0x00007f8d0978d399 sp=0x00007f8d19d16db0 mode 2
Event: 7453.329 Thread 0x00007f8d14483fc0 Uncommon trap: trap_request=0xffffff45 fr.pc=0x00007f8d0a796588 relative=0x0000000000000248
Event: 7453.329 Thread 0x00007f8d14483fc0 Uncommon trap: reason=unstable_if action=reinterpret pc=0x00007f8d0a796588 method=sun.nio.cs.StreamEncoder.implFlushBuffer()V @ 7 c2
Event: 7453.329 Thread 0x00007f8d14483fc0 DEOPT PACKING pc=0x00007f8d0a796588 sp=0x00007f8c98991630
Event: 7453.329 Thread 0x00007f8d14483fc0 DEOPT UNPACKING pc=0x00007f8d0978d399 sp=0x00007f8c989914c0 mode 2

Classes unloaded (20 events):
Event: 1886.818 Thread 0x00007f8d141d7900 Unloading class 0x0000000100894000 'java/lang/invoke/LambdaForm$MH+0x0000000100894000'
Event: 1886.818 Thread 0x00007f8d141d7900 Unloading class 0x0000000100885000 'java/lang/invoke/LambdaForm$MH+0x0000000100885000'
Event: 1886.818 Thread 0x00007f8d141d7900 Unloading class 0x0000000100884c00 'java/lang/invoke/LambdaForm$MH+0x0000000100884c00'
Event: 1886.818 Thread 0x00007f8d141d7900 Unloading class 0x0000000100884400 'java/lang/invoke/LambdaForm$MH+0x0000000100884400'
Event: 1886.818 Thread 0x00007f8d141d7900 Unloading class 0x000000010078c800 'jdk/internal/reflect/GeneratedConstructorAccessor47'
Event: 1886.818 Thread 0x00007f8d141d7900 Unloading class 0x000000010074d400 'jdk/internal/reflect/GeneratedConstructorAccessor44'
Event: 1886.818 Thread 0x00007f8d141d7900 Unloading class 0x000000010074d000 'jdk/internal/reflect/GeneratedConstructorAccessor43'
Event: 1886.818 Thread 0x00007f8d141d7900 Unloading class 0x000000010074c800 'jdk/internal/reflect/GeneratedConstructorAccessor41'
Event: 1886.818 Thread 0x00007f8d141d7900 Unloading class 0x000000010074c400 'jdk/internal/reflect/GeneratedConstructorAccessor40'
Event: 1886.818 Thread 0x00007f8d141d7900 Unloading class 0x000000010074c000 'jdk/internal/reflect/GeneratedConstructorAccessor39'
Event: 1886.818 Thread 0x00007f8d141d7900 Unloading class 0x0000000100330800 'java/lang/invoke/LambdaForm$MH+0x0000000100330800'
Event: 1886.818 Thread 0x00007f8d141d7900 Unloading class 0x0000000100330400 'java/lang/invoke/LambdaForm$MH+0x0000000100330400'
Event: 1886.818 Thread 0x00007f8d141d7900 Unloading class 0x0000000100314c00 'java/lang/invoke/LambdaForm$MH+0x0000000100314c00'
Event: 1886.818 Thread 0x00007f8d141d7900 Unloading class 0x0000000100314800 'java/lang/invoke/LambdaForm$MH+0x0000000100314800'
Event: 1886.818 Thread 0x00007f8d141d7900 Unloading class 0x0000000100314400 'java/lang/invoke/LambdaForm$MH+0x0000000100314400'
Event: 1886.818 Thread 0x00007f8d141d7900 Unloading class 0x0000000100314000 'java/lang/invoke/LambdaForm$MH+0x0000000100314000'
Event: 1886.818 Thread 0x00007f8d141d7900 Unloading class 0x000000010030cc00 'java/lang/invoke/LambdaForm$MH+0x000000010030cc00'
Event: 1886.818 Thread 0x00007f8d141d7900 Unloading class 0x000000010030c800 'java/lang/invoke/LambdaForm$MH+0x000000010030c800'
Event: 1886.818 Thread 0x00007f8d141d7900 Unloading class 0x00000001001a0000 'java/lang/invoke/LambdaForm$MH+0x00000001001a0000'
Event: 5133.463 Thread 0x00007f8d141d7900 Unloading class 0x000000010082d400 'jdk/internal/reflect/GeneratedConstructorAccessor61'

Classes redefined (0 events):
No events

Internal exceptions (20 events):
Event: 7453.326 Thread 0x00007f8c8c048540 Exception <a 'java/io/IOException'{0x00000000ead1acd0}> (0x00000000ead1acd0) 
thrown [src/hotspot/share/prims/jni.cpp, line 516]
Event: 7453.326 Thread 0x00007f8c8c048540 Exception <a 'java/io/FileNotFoundException'{0x00000000ead1bc00}> (0x00000000ead1bc00) 
thrown [src/hotspot/share/prims/jni.cpp, line 516]
Event: 7453.327 Thread 0x00007f8c8c048540 Exception <a 'java/io/IOException'{0x00000000ead1e5f0}> (0x00000000ead1e5f0) 
thrown [src/hotspot/share/prims/jni.cpp, line 516]
Event: 7453.327 Thread 0x00007f8c8c048540 Exception <a 'java/io/IOException'{0x00000000ead1e8f8}> (0x00000000ead1e8f8) 
thrown [src/hotspot/share/prims/jni.cpp, line 516]
Event: 7453.327 Thread 0x00007f8c8c048540 Exception <a 'java/io/IOException'{0x00000000ead1ec00}> (0x00000000ead1ec00) 
thrown [src/hotspot/share/prims/jni.cpp, line 516]
Event: 7453.327 Thread 0x00007f8c8c048540 Exception <a 'java/io/FileNotFoundException'{0x00000000ead1f640}> (0x00000000ead1f640) 
thrown [src/hotspot/share/prims/jni.cpp, line 516]
Event: 7453.327 Thread 0x00007f8c8c048540 Exception <a 'java/io/IOException'{0x00000000ead34b48}> (0x00000000ead34b48) 
thrown [src/hotspot/share/prims/jni.cpp, line 516]
Event: 7453.327 Thread 0x00007f8c8c048540 Exception <a 'java/io/IOException'{0x00000000ead35e28}> (0x00000000ead35e28) 
thrown [src/hotspot/share/prims/jni.cpp, line 516]
Event: 7453.327 Thread 0x00007f8c8c048540 Exception <a 'java/io/IOException'{0x00000000ead36130}> (0x00000000ead36130) 
thrown [src/hotspot/share/prims/jni.cpp, line 516]
Event: 7453.327 Thread 0x00007f8c8c048540 Exception <a 'java/io/IOException'{0x00000000ead372d0}> (0x00000000ead372d0) 
thrown [src/hotspot/share/prims/jni.cpp, line 516]
Event: 7453.327 Thread 0x00007f8c8c048540 Exception <a 'java/io/IOException'{0x00000000ead375d8}> (0x00000000ead375d8) 
thrown [src/hotspot/share/prims/jni.cpp, line 516]
Event: 7453.327 Thread 0x00007f8c8c048540 Exception <a 'java/io/IOException'{0x00000000ead378e0}> (0x00000000ead378e0) 
thrown [src/hotspot/share/prims/jni.cpp, line 516]
Event: 7453.327 Thread 0x00007f8d14755960 Exception <a 'java/io/FileNotFoundException'{0x00000000ead397e8}> (0x00000000ead397e8) 
thrown [src/hotspot/share/prims/jni.cpp, line 516]
Event: 7453.328 Thread 0x00007f8d140278c0 Exception <a 'java/io/IOException'{0x00000000ead531a8}> (0x00000000ead531a8) 
thrown [src/hotspot/share/prims/jni.cpp, line 516]
Event: 7453.328 Thread 0x00007f8d140278c0 Exception <a 'java/lang/NoClassDefFoundError'{0x00000000ead53d98}: org/eclipse/osgi/internal/framework/EquinoxBundle$SystemBundle$EquinoxSystemModule$1> (0x00000000ead53d98) 
thrown [src/hotspot/share/classfile/systemDictionary.cpp, line 245]
Event: 7453.329 Thread 0x00007f8d140278c0 Exception <a 'java/io/FileNotFoundException'{0x00000000ead548b8}> (0x00000000ead548b8) 
thrown [src/hotspot/share/prims/jni.cpp, line 516]
Event: 7453.329 Thread 0x00007f8d140278c0 Implicit null exception at 0x00007f8d0b237a11 to 0x00007f8d0b23a430
Event: 7453.329 Thread 0x00007f8d140278c0 Exception <a 'java/io/IOException'{0x00000000ead7a558}> (0x00000000ead7a558) 
thrown [src/hotspot/share/prims/jni.cpp, line 516]
Event: 7453.329 Thread 0x00007f8d140278c0 Exception <a 'java/io/IOException'{0x00000000ead7ab08}> (0x00000000ead7ab08) 
thrown [src/hotspot/share/prims/jni.cpp, line 516]
Event: 7453.329 Thread 0x00007f8d140278c0 Exception <a 'java/io/IOException'{0x00000000ead7b0b8}> (0x00000000ead7b0b8) 
thrown [src/hotspot/share/prims/jni.cpp, line 516]

VM Operations (20 events):
Event: 5132.199 Executing VM operation: ParallelGCFailedAllocation
Event: 5132.201 Executing VM operation: ParallelGCFailedAllocation done
Event: 5132.246 Executing VM operation: ParallelGCFailedAllocation
Event: 5132.251 Executing VM operation: ParallelGCFailedAllocation done
Event: 5133.251 Executing VM operation: Cleanup
Event: 5133.251 Executing VM operation: Cleanup done
Event: 5133.403 Executing VM operation: ParallelGCFailedAllocation
Event: 5133.515 Executing VM operation: ParallelGCFailedAllocation done
Event: 5133.521 Executing VM operation: ParallelGCFailedAllocation
Event: 5133.523 Executing VM operation: ParallelGCFailedAllocation done
Event: 5723.971 Executing VM operation: ParallelGCFailedAllocation
Event: 5723.973 Executing VM operation: ParallelGCFailedAllocation done
Event: 6168.026 Executing VM operation: Cleanup
Event: 6168.026 Executing VM operation: Cleanup done
Event: 6449.786 Executing VM operation: ParallelGCFailedAllocation
Event: 6449.788 Executing VM operation: ParallelGCFailedAllocation done
Event: 7453.322 Executing VM operation: HandshakeAllThreads
Event: 7453.322 Executing VM operation: HandshakeAllThreads done
Event: 7453.322 Executing VM operation: Cleanup
Event: 7453.322 Executing VM operation: Cleanup done

Events (20 events):
Event: 6227.695 Thread 0x00007f8c7863aea0 Thread exited: 0x00007f8c7863aea0
Event: 6713.493 Thread 0x00007f8c7863aea0 Thread added: 0x00007f8c7863aea0
Event: 6713.493 Protecting memory [0x00007f8c9b200000,0x00007f8c9b204000] with protection modes 0
Event: 6773.492 Thread 0x00007f8c7863aea0 Thread exited: 0x00007f8c7863aea0
Event: 7453.320 loading class java/util/concurrent/Executors$DelegatedScheduledExecutorService
Event: 7453.320 loading class java/util/concurrent/Executors$DelegatedExecutorService
Event: 7453.320 loading class java/util/concurrent/Executors$DelegatedExecutorService done
Event: 7453.320 loading class java/util/concurrent/Executors$DelegatedScheduledExecutorService done
Event: 7453.322 Thread 0x00007f8c740064f0 Thread added: 0x00007f8c740064f0
Event: 7453.322 Protecting memory [0x00007f8c9b200000,0x00007f8c9b204000] with protection modes 0
Event: 7453.323 loading class java/util/zip/DataFormatException
Event: 7453.323 loading class java/util/zip/DataFormatException done
Event: 7453.328 Thread 0x00007f8cd458ece0 Thread added: 0x00007f8cd458ece0
Event: 7453.328 Protecting memory [0x00007f8c98393000,0x00007f8c98397000] with protection modes 0
Event: 7453.329 Thread 0x00007f8d14483fc0 Thread added: 0x00007f8d14483fc0
Event: 7453.329 Protecting memory [0x00007f8c98893000,0x00007f8c98897000] with protection modes 0
Event: 7453.329 Thread 0x00007f8d145f59c0 Thread added: 0x00007f8d145f59c0
Event: 7453.329 Protecting memory [0x00007f8c9b300000,0x00007f8c9b304000] with protection modes 0
Event: 7453.329 Thread 0x00007f8d145f59c0 Thread exited: 0x00007f8d145f59c0
Event: 7453.329 Thread 0x00007f8d14483fc0 Thread exited: 0x00007f8d14483fc0


Dynamic libraries:
c0000000-c9200000 rw-p 00000000 00:00 0 
c9200000-eab00000 ---p 00000000 00:00 0 
eab00000-eaf00000 rw-p 00000000 00:00 0 
eaf00000-100000000 ---p 00000000 00:00 0 
100000000-100020000 rw-p 00000000 00:00 0 
100020000-100040000 rw-p 00000000 00:00 0 
100040000-1000c0000 rw-p 00000000 00:00 0 
1000c0000-1000e0000 rw-p 00000000 00:00 0 
1000e0000-100140000 rw-p 00000000 00:00 0 
100140000-1001e0000 rw-p 00000000 00:00 0 
1001e0000-100280000 rw-p 00000000 00:00 0 
100280000-100340000 rw-p 00000000 00:00 0 
100340000-100380000 rw-p 00000000 00:00 0 
100380000-1005e0000 rw-p 00000000 00:00 0 
1005e0000-100600000 rw-p 00000000 00:00 0 
100600000-100760000 rw-p 00000000 00:00 0 
100760000-1007c0000 rw-p 00000000 00:00 0 
1007c0000-100840000 rw-p 00000000 00:00 0 
100840000-100860000 rw-p 00000000 00:00 0 
100860000-100880000 ---p 00000000 00:00 0 
100880000-1008f0000 rw-p 00000000 00:00 0 
1008f0000-140000000 ---p 00000000 00:00 0 
55dad7075000-55dad7076000 r--p 00000000 103:02 12849585                  /home/vibhu/.vscode/extensions/redhat.java-1.16.0-linux-x64/jre/17.0.6-linux-x86_64/bin/java
55dad7076000-55dad7077000 r-xp 00001000 103:02 12849585                  /home/vibhu/.vscode/extensions/redhat.java-1.16.0-linux-x64/jre/17.0.6-linux-x86_64/bin/java
55dad7077000-55dad7078000 r--p 00002000 103:02 12849585                  /home/vibhu/.vscode/extensions/redhat.java-1.16.0-linux-x64/jre/17.0.6-linux-x86_64/bin/java
55dad7078000-55dad7079000 r--p 00002000 103:02 12849585                  /home/vibhu/.vscode/extensions/redhat.java-1.16.0-linux-x64/jre/17.0.6-linux-x86_64/bin/java
55dad7079000-55dad707a000 rw-p 00003000 103:02 12849585                  /home/vibhu/.vscode/extensions/redhat.java-1.16.0-linux-x64/jre/17.0.6-linux-x86_64/bin/java
55dad770e000-55dad7756000 rw-p 00000000 00:00 0                          [heap]
7f8c24000000-7f8c2417c000 rw-p 00000000 00:00 0 
7f8c2417c000-7f8c28000000 ---p 00000000 00:00 0 
7f8c28000000-7f8c28021000 rw-p 00000000 00:00 0 
7f8c28021000-7f8c2c000000 ---p 00000000 00:00 0 
7f8c2c000000-7f8c2c021000 rw-p 00000000 00:00 0 
7f8c2c021000-7f8c30000000 ---p 00000000 00:00 0 
7f8c30000000-7f8c30021000 rw-p 00000000 00:00 0 
7f8c30021000-7f8c34000000 ---p 00000000 00:00 0 
7f8c34000000-7f8c34021000 rw-p 00000000 00:00 0 
7f8c34021000-7f8c38000000 ---p 00000000 00:00 0 
7f8c38000000-7f8c38021000 rw-p 00000000 00:00 0 
7f8c38021000-7f8c3c000000 ---p 00000000 00:00 0 
7f8c3c000000-7f8c3c021000 rw-p 00000000 00:00 0 
7f8c3c021000-7f8c40000000 ---p 00000000 00:00 0 
7f8c40000000-7f8c40021000 rw-p 00000000 00:00 0 
7f8c40021000-7f8c44000000 ---p 00000000 00:00 0 
7f8c44000000-7f8c44125000 rw-p 00000000 00:00 0 
7f8c44125000-7f8c48000000 ---p 00000000 00:00 0 
7f8c48000000-7f8c48021000 rw-p 00000000 00:00 0 
7f8c48021000-7f8c4c000000 ---p 00000000 00:00 0 
7f8c4c000000-7f8c4c021000 rw-p 00000000 00:00 0 
7f8c4c021000-7f8c50000000 ---p 00000000 00:00 0 
7f8c50000000-7f8c5012e000 rw-p 00000000 00:00 0 
7f8c5012e000-7f8c54000000 ---p 00000000 00:00 0 
7f8c54000000-7f8c541be000 rw-p 00000000 00:00 0 
7f8c541be000-7f8c58000000 ---p 00000000 00:00 0 
7f8c58000000-7f8c58039000 rw-p 00000000 00:00 0 
7f8c58039000-7f8c5c000000 ---p 00000000 00:00 0 
7f8c5c000000-7f8c5c0cd000 rw-p 00000000 00:00 0 
7f8c5c0cd000-7f8c60000000 ---p 00000000 00:00 0 
7f8c61800000-7f8c61d80000 rw-p 00000000 00:00 0 
7f8c61d80000-7f8c62000000 ---p 00000000 00:00 0 
7f8c62000000-7f8c62180000 rw-p 00000000 00:00 0 
7f8c62180000-7f8c62200000 rw-p 00000000 00:00 0 
7f8c62200000-7f8c62700000 rw-p 00000000 00:00 0 
7f8c62700000-7f8c627e0000 rw-p 00000000 00:00 0 
7f8c627e0000-7f8c62800000 ---p 00000000 00:00 0 
7f8c62800000-7f8c62b00000 rw-p 00000000 00:00 0 
7f8c62b00000-7f8c62c00000 rw-p 00000000 00:00 0 
7f8c62c00000-7f8c62d00000 rw-p 00000000 00:00 0 
7f8c62d00000-7f8c62e00000 rw-p 00000000 00:00 0 
7f8c62e00000-7f8c62e80000 rw-p 00000000 00:00 0 
7f8c62e80000-7f8c62f00000 rw-p 00000000 00:00 0 
7f8c62f00000-7f8c63000000 rw-p 00000000 00:00 0 
7f8c63000000-7f8c63004000 ---p 00000000 00:00 0 
7f8c63004000-7f8c63100000 rw-p 00000000 00:00 0 
7f8c63100000-7f8c63104000 ---p 00000000 00:00 0 
7f8c63104000-7f8c63200000 rw-p 00000000 00:00 0 
7f8c63200000-7f8c63204000 ---p 00000000 00:00 0 
7f8c63204000-7f8c63300000 rw-p 00000000 00:00 0 
7f8c63300000-7f8c63304000 ---p 00000000 00:00 0 
7f8c63304000-7f8c63400000 rw-p 00000000 00:00 0 
7f8c63400000-7f8c63404000 ---p 00000000 00:00 0 
7f8c63404000-7f8c63500000 rw-p 00000000 00:00 0 
7f8c63500000-7f8c63504000 ---p 00000000 00:00 0 
7f8c63504000-7f8c63600000 rw-p 00000000 00:00 0 
7f8c63600000-7f8c6be08000 r--s 00000000 103:02 15207698                  /usr/lib/jvm/java-11-openjdk-amd64/lib/modules
7f8c6bf00000-7f8c6bf04000 ---p 00000000 00:00 0 
7f8c6bf04000-7f8c6c000000 rw-p 00000000 00:00 0 
7f8c6c000000-7f8c6c24f000 rw-p 00000000 00:00 0 
7f8c6c24f000-7f8c70000000 ---p 00000000 00:00 0 
7f8c70000000-7f8c701c7000 rw-p 00000000 00:00 0 
7f8c701c7000-7f8c74000000 ---p 00000000 00:00 0 
7f8c74000000-7f8c74021000 rw-p 00000000 00:00 0 
7f8c74021000-7f8c78000000 ---p 00000000 00:00 0 
7f8c78000000-7f8c786eb000 rw-p 00000000 00:00 0 
7f8c786eb000-7f8c7c000000 ---p 00000000 00:00 0 
7f8c7c000000-7f8c7c058000 rw-p 00000000 00:00 0 
7f8c7c058000-7f8c80000000 ---p 00000000 00:00 0 
7f8c80000000-7f8c80021000 rw-p 00000000 00:00 0 
7f8c80021000-7f8c84000000 ---p 00000000 00:00 0 
7f8c84000000-7f8c840f1000 rw-p 00000000 00:00 0 
7f8c840f1000-7f8c88000000 ---p 00000000 00:00 0 
7f8c88000000-7f8c8806c000 rw-p 00000000 00:00 0 
7f8c8806c000-7f8c8c000000 ---p 00000000 00:00 0 
7f8c8c000000-7f8c8c0ab000 rw-p 00000000 00:00 0 
7f8c8c0ab000-7f8c90000000 ---p 00000000 00:00 0 
7f8c90000000-7f8c90021000 rw-p 00000000 00:00 0 
7f8c90021000-7f8c94000000 ---p 00000000 00:00 0 
7f8c94000000-7f8c9418c000 rw-p 00000000 00:00 0 
7f8c9418c000-7f8c98000000 ---p 00000000 00:00 0 
7f8c98393000-7f8c98397000 ---p 00000000 00:00 0 
7f8c98397000-7f8c98493000 rw-p 00000000 00:00 0 
7f8c98493000-7f8c98497000 ---p 00000000 00:00 0 
7f8c98497000-7f8c98593000 rw-p 00000000 00:00 0 
7f8c98593000-7f8c98597000 ---p 00000000 00:00 0 
7f8c98597000-7f8c98693000 rw-p 00000000 00:00 0 
7f8c98693000-7f8c98697000 ---p 00000000 00:00 0 
7f8c98697000-7f8c98793000 rw-p 00000000 00:00 0 
7f8c98793000-7f8c98797000 ---p 00000000 00:00 0 
7f8c98797000-7f8c98893000 rw-p 00000000 00:00 0 
7f8c98893000-7f8c98897000 ---p 00000000 00:00 0 
7f8c98897000-7f8c98993000 rw-p 00000000 00:00 0 
7f8c98a00000-7f8c98a04000 ---p 00000000 00:00 0 
7f8c98a04000-7f8c98b00000 rw-p 00000000 00:00 0 
7f8c98b00000-7f8c98b04000 ---p 00000000 00:00 0 
7f8c98b04000-7f8c993c0000 rw-p 00000000 00:00 0 
7f8c993c0000-7f8c99400000 rw-p 00000000 00:00 0 
7f8c99400000-7f8c99500000 rw-p 00000000 00:00 0 
7f8c99500000-7f8c99600000 rw-p 00000000 00:00 0 
7f8c99600000-7f8c99c00000 rw-p 00000000 00:00 0 
7f8c99c00000-7f8c9a3e0000 rw-p 00000000 00:00 0 
7f8c9a3e0000-7f8c9a400000 rw-p 00000000 00:00 0 
7f8c9a4b4000-7f8c9a4b8000 ---p 00000000 00:00 0 
7f8c9a4b8000-7f8c9a5b4000 rw-p 00000000 00:00 0 
7f8c9a600000-7f8c9a604000 ---p 00000000 00:00 0 
7f8c9a604000-7f8c9a700000 rw-p 00000000 00:00 0 
7f8c9a700000-7f8c9a704000 ---p 00000000 00:00 0 
7f8c9a704000-7f8c9ab00000 rw-p 00000000 00:00 0 
7f8c9ab00000-7f8c9ac00000 rw-p 00000000 00:00 0 
7f8c9ac00000-7f8c9ad00000 rw-p 00000000 00:00 0 
7f8c9ad00000-7f8c9ae00000 rw-p 00000000 00:00 0 
7f8c9ae00000-7f8c9b000000 rw-p 00000000 00:00 0 
7f8c9b000000-7f8c9b004000 ---p 00000000 00:00 0 
7f8c9b004000-7f8c9b100000 rw-p 00000000 00:00 0 
7f8c9b100000-7f8c9b104000 ---p 00000000 00:00 0 
7f8c9b104000-7f8c9b200000 rw-p 00000000 00:00 0 
7f8c9b200000-7f8c9b204000 ---p 00000000 00:00 0 
7f8c9b204000-7f8c9b300000 rw-p 00000000 00:00 0 
7f8c9b300000-7f8c9b304000 ---p 00000000 00:00 0 
7f8c9b304000-7f8c9b500000 rw-p 00000000 00:00 0 
7f8c9b500000-7f8c9b600000 rw-p 00000000 00:00 0 
7f8c9b600000-7f8c9bc00000 rw-p 00000000 00:00 0 
7f8c9bcfe000-7f8c9bd02000 ---p 00000000 00:00 0 
7f8c9bd02000-7f8c9bdfe000 rw-p 00000000 00:00 0 
7f8c9bdfe000-7f8c9be02000 ---p 00000000 00:00 0 
7f8c9be02000-7f8c9befe000 rw-p 00000000 00:00 0 
7f8c9befe000-7f8c9beff000 ---p 00000000 00:00 0 
7f8c9beff000-7f8c9c000000 rw-p 00000000 00:00 0 
7f8c9c000000-7f8c9ca4f000 rw-p 00000000 00:00 0 
7f8c9ca4f000-7f8ca0000000 ---p 00000000 00:00 0 
7f8ca0000000-7f8ca0021000 rw-p 00000000 00:00 0 
7f8ca0021000-7f8ca4000000 ---p 00000000 00:00 0 
7f8ca4000000-7f8ca4021000 rw-p 00000000 00:00 0 
7f8ca4021000-7f8ca8000000 ---p 00000000 00:00 0 
7f8ca8000000-7f8ca8021000 rw-p 00000000 00:00 0 
7f8ca8021000-7f8cac000000 ---p 00000000 00:00 0 
7f8cac000000-7f8cac19e000 rw-p 00000000 00:00 0 
7f8cac19e000-7f8cb0000000 ---p 00000000 00:00 0 
7f8cb0000000-7f8cb0196000 rw-p 00000000 00:00 0 
7f8cb0196000-7f8cb4000000 ---p 00000000 00:00 0 
7f8cb4000000-7f8cb40ea000 rw-p 00000000 00:00 0 
7f8cb40ea000-7f8cb8000000 ---p 00000000 00:00 0 
7f8cb8000000-7f8cb80df000 rw-p 00000000 00:00 0 
7f8cb80df000-7f8cbc000000 ---p 00000000 00:00 0 
7f8cbc000000-7f8cbc0d1000 rw-p 00000000 00:00 0 
7f8cbc0d1000-7f8cc0000000 ---p 00000000 00:00 0 
7f8cc0000000-7f8cc00df000 rw-p 00000000 00:00 0 
7f8cc00df000-7f8cc4000000 ---p 00000000 00:00 0 
7f8cc4000000-7f8cc4021000 rw-p 00000000 00:00 0 
7f8cc4021000-7f8cc8000000 ---p 00000000 00:00 0 
7f8cc8000000-7f8cc8144000 rw-p 00000000 00:00 0 
7f8cc8144000-7f8ccc000000 ---p 00000000 00:00 0 
7f8ccc000000-7f8ccc021000 rw-p 00000000 00:00 0 
7f8ccc021000-7f8cd0000000 ---p 00000000 00:00 0 
7f8cd0000000-7f8cd0021000 rw-p 00000000 00:00 0 
7f8cd0021000-7f8cd4000000 ---p 00000000 00:00 0 
7f8cd4000000-7f8cd58fb000 rw-p 00000000 00:00 0 
7f8cd58fb000-7f8cd8000000 ---p 00000000 00:00 0 
7f8cd8000000-7f8cd8191000 rw-p 00000000 00:00 0 
7f8cd8191000-7f8cdc000000 ---p 00000000 00:00 0 
7f8cdc000000-7f8cdc021000 rw-p 00000000 00:00 0 
7f8cdc021000-7f8ce0000000 ---p 00000000 00:00 0 
7f8ce0000000-7f8ce3bd5000 rw-p 00000000 00:00 0 
7f8ce3bd5000-7f8ce4000000 ---p 00000000 00:00 0 
7f8ce4000000-7f8ce4021000 rw-p 00000000 00:00 0 
7f8ce4021000-7f8ce8000000 ---p 00000000 00:00 0 
7f8ce8000000-7f8ce8021000 rw-p 00000000 00:00 0 
7f8ce8021000-7f8cec000000 ---p 00000000 00:00 0 
7f8cec000000-7f8cec021000 rw-p 00000000 00:00 0 
7f8cec021000-7f8cf0000000 ---p 00000000 00:00 0 
7f8cf0000000-7f8cf0021000 rw-p 00000000 00:00 0 
7f8cf0021000-7f8cf4000000 ---p 00000000 00:00 0 
7f8cf4000000-7f8cf4084000 rw-p 00000000 00:00 0 
7f8cf4084000-7f8cf8000000 ---p 00000000 00:00 0 
7f8cf8000000-7f8cf8004000 ---p 00000000 00:00 0 
7f8cf8004000-7f8cf8100000 rw-p 00000000 00:00 0 
7f8cf8100000-7f8cf8104000 ---p 00000000 00:00 0 
7f8cf8104000-7f8cf8200000 rw-p 00000000 00:00 0 
7f8cf8200000-7f8cf8210000 r-xp 00000000 103:02 13124362                  /home/vibhu/.config/Code/User/globalStorage/redhat.java/1.16.0/config_linux/org.eclipse.equinox.launcher/org.eclipse.equinox.launcher.gtk.linux.x86_64_1.2.700.v20221108-1024/eclipse_11801.so
7f8cf8210000-7f8cf840f000 ---p 00010000 103:02 13124362                  /home/vibhu/.config/Code/User/globalStorage/redhat.java/1.16.0/config_linux/org.eclipse.equinox.launcher/org.eclipse.equinox.launcher.gtk.linux.x86_64_1.2.700.v20221108-1024/eclipse_11801.so
7f8cf840f000-7f8cf8410000 r--p 0000f000 103:02 13124362                  /home/vibhu/.config/Code/User/globalStorage/redhat.java/1.16.0/config_linux/org.eclipse.equinox.launcher/org.eclipse.equinox.launcher.gtk.linux.x86_64_1.2.700.v20221108-1024/eclipse_11801.so
7f8cf8410000-7f8cf8411000 rw-p 00010000 103:02 13124362                  /home/vibhu/.config/Code/User/globalStorage/redhat.java/1.16.0/config_linux/org.eclipse.equinox.launcher/org.eclipse.equinox.launcher.gtk.linux.x86_64_1.2.700.v20221108-1024/eclipse_11801.so
7f8cf8411000-7f8cf8412000 rw-p 00000000 00:00 0 
7f8cf84f8000-7f8cf84fc000 ---p 00000000 00:00 0 
7f8cf84fc000-7f8cf85f8000 rw-p 00000000 00:00 0 
7f8cf85f8000-7f8cf85fc000 ---p 00000000 00:00 0 
7f8cf85fc000-7f8cf86f8000 rw-p 00000000 00:00 0 
7f8cf86f8000-7f8cf86fc000 ---p 00000000 00:00 0 
7f8cf86fc000-7f8cf87f8000 rw-p 00000000 00:00 0 
7f8cf87f8000-7f8cf87f9000 ---p 00000000 00:00 0 
7f8cf87f9000-7f8cf88fa000 rw-p 00000000 00:00 0 
7f8cf88fa000-7f8cf88fb000 ---p 00000000 00:00 0 
7f8cf88fb000-7f8cf89fc000 rw-p 00000000 00:00 0 
7f8cf89fc000-7f8cf89fd000 ---p 00000000 00:00 0 
7f8cf89fd000-7f8cf8afe000 rw-p 00000000 00:00 0 
7f8cf8afe000-7f8cf8aff000 ---p 00000000 00:00 0 
7f8cf8aff000-7f8cf8d00000 rw-p 00000000 00:00 0 
7f8cf8d00000-7f8cf8f00000 rw-p 00000000 00:00 0 
7f8cf8f00000-7f8cf9180000 rw-p 00000000 00:00 0 
7f8cf9180000-7f8cf9300000 rw-p 00000000 00:00 0 
7f8cf9300000-7f8cf9400000 rw-p 00000000 00:00 0 
7f8cf94fa000-7f8cf94fb000 ---p 00000000 00:00 0 
7f8cf94fb000-7f8cf95fc000 rw-p 00000000 00:00 0 
7f8cf95fc000-7f8cf95fd000 ---p 00000000 00:00 0 
7f8cf95fd000-7f8cf96fe000 rw-p 00000000 00:00 0 
7f8cf96fe000-7f8cf96ff000 ---p 00000000 00:00 0 
7f8cf96ff000-7f8cf9800000 rw-p 00000000 00:00 0 
7f8cf9800000-7f8cf9804000 ---p 00000000 00:00 0 
7f8cf9804000-7f8cf9900000 rw-p 00000000 00:00 0 
7f8cf9900000-7f8cf9904000 ---p 00000000 00:00 0 
7f8cf9904000-7f8cf9a00000 rw-p 00000000 00:00 0 
7f8cf9a00000-7f8cf9a04000 ---p 00000000 00:00 0 
7f8cf9a04000-7f8cf9b00000 rw-p 00000000 00:00 0 
7f8cf9b00000-7f8cf9b04000 ---p 00000000 00:00 0 
7f8cf9b04000-7f8cf9c00000 rw-p 00000000 00:00 0 
7f8cf9c00000-7f8cf9c04000 ---p 00000000 00:00 0 
7f8cf9c04000-7f8cf9d00000 rw-p 00000000 00:00 0 
7f8cf9d00000-7f8cf9d04000 ---p 00000000 00:00 0 
7f8cf9d04000-7f8cf9e00000 rw-p 00000000 00:00 0 
7f8cf9e00000-7f8cf9e04000 ---p 00000000 00:00 0 
7f8cf9e04000-7f8cf9f00000 rw-p 00000000 00:00 0 
7f8cf9f00000-7f8cf9f04000 ---p 00000000 00:00 0 
7f8cf9f04000-7f8cfa000000 rw-p 00000000 00:00 0 
7f8cfa000000-7f8cfade7000 r--p 00000000 103:02 15209805                  /usr/lib/locale/locale-archive
7f8cfadef000-7f8cfadf3000 ---p 00000000 00:00 0 
7f8cfadf3000-7f8cfaeef000 rw-p 00000000 00:00 0 
7f8cfaeef000-7f8cfaef3000 ---p 00000000 00:00 0 
7f8cfaef3000-7f8cfafef000 rw-p 00000000 00:00 0 
7f8cfafef000-7f8cfaff0000 ---p 00000000 00:00 0 
7f8cfaff0000-7f8cfc000000 rw-p 00000000 00:00 0 
7f8cfc000000-7f8cfc021000 rw-p 00000000 00:00 0 
7f8cfc021000-7f8d00000000 ---p 00000000 00:00 0 
7f8d000ff000-7f8d02200000 rw-p 00000000 00:00 0 
7f8d02200000-7f8d04420000 rwxp 00000000 00:00 0 
7f8d04420000-7f8d09737000 ---p 00000000 00:00 0 
7f8d09737000-7f8d099a7000 rwxp 00000000 00:00 0 
7f8d099a7000-7f8d09cc9000 ---p 00000000 00:00 0 
7f8d09cc9000-7f8d0b299000 rwxp 00000000 00:00 0 
7f8d0b299000-7f8d11200000 ---p 00000000 00:00 0 
7f8d11200000-7f8d13e14000 r--s 00000000 103:02 12850318                  /home/vibhu/.vscode/extensions/redhat.java-1.16.0-linux-x64/jre/17.0.6-linux-x86_64/lib/modules
7f8d13eff000-7f8d14000000 rw-p 00000000 00:00 0 
7f8d14000000-7f8d1491d000 rw-p 00000000 00:00 0 
7f8d1491d000-7f8d18000000 ---p 00000000 00:00 0 
7f8d180d7000-7f8d180db000 ---p 00000000 00:00 0 
7f8d180db000-7f8d18c00000 rw-p 00000000 00:00 0 
7f8d18c00000-7f8d18c80000 rw-p 00000000 00:00 0 
7f8d18c80000-7f8d18d00000 rw-p 00000000 00:00 0 
7f8d18d00000-7f8d19000000 rw-p 00000000 00:00 0 
7f8d19016000-7f8d1901d000 r--s 00000000 103:02 266047                    /usr/lib/x86_64-linux-gnu/gconv/gconv-modules.cache
7f8d1901d000-7f8d19021000 r--p 00000000 103:02 12850314                  /home/vibhu/.vscode/extensions/redhat.java-1.16.0-linux-x64/jre/17.0.6-linux-x86_64/lib/libverify.so
7f8d19021000-7f8d19028000 r-xp 00004000 103:02 12850314                  /home/vibhu/.vscode/extensions/redhat.java-1.16.0-linux-x64/jre/17.0.6-linux-x86_64/lib/libverify.so
7f8d19028000-7f8d1902a000 r--p 0000b000 103:02 12850314                  /home/vibhu/.vscode/extensions/redhat.java-1.16.0-linux-x64/jre/17.0.6-linux-x86_64/lib/libverify.so
7f8d1902a000-7f8d1902c000 r--p 0000c000 103:02 12850314                  /home/vibhu/.vscode/extensions/redhat.java-1.16.0-linux-x64/jre/17.0.6-linux-x86_64/lib/libverify.so
7f8d1902c000-7f8d1902d000 rw-p 0000e000 103:02 12850314                  /home/vibhu/.vscode/extensions/redhat.java-1.16.0-linux-x64/jre/17.0.6-linux-x86_64/lib/libverify.so
7f8d1902d000-7f8d19031000 r--p 00000000 103:02 12850302                  /home/vibhu/.vscode/extensions/redhat.java-1.16.0-linux-x64/jre/17.0.6-linux-x86_64/lib/libnet.so
7f8d19031000-7f8d1903f000 r-xp 00004000 103:02 12850302                  /home/vibhu/.vscode/extensions/redhat.java-1.16.0-linux-x64/jre/17.0.6-linux-x86_64/lib/libnet.so
7f8d1903f000-7f8d19043000 r--p 00012000 103:02 12850302                  /home/vibhu/.vscode/extensions/redhat.java-1.16.0-linux-x64/jre/17.0.6-linux-x86_64/lib/libnet.so
7f8d19043000-7f8d19044000 r--p 00015000 103:02 12850302                  /home/vibhu/.vscode/extensions/redhat.java-1.16.0-linux-x64/jre/17.0.6-linux-x86_64/lib/libnet.so
7f8d19044000-7f8d19045000 rw-p 00016000 103:02 12850302                  /home/vibhu/.vscode/extensions/redhat.java-1.16.0-linux-x64/jre/17.0.6-linux-x86_64/lib/libnet.so
7f8d19045000-7f8d1904c000 r--p 00000000 103:02 12850304                  /home/vibhu/.vscode/extensions/redhat.java-1.16.0-linux-x64/jre/17.0.6-linux-x86_64/lib/libnio.so
7f8d1904c000-7f8d19055000 r-xp 00007000 103:02 12850304                  /home/vibhu/.vscode/extensions/redhat.java-1.16.0-linux-x64/jre/17.0.6-linux-x86_64/lib/libnio.so
7f8d19055000-7f8d19059000 r--p 00010000 103:02 12850304                  /home/vibhu/.vscode/extensions/redhat.java-1.16.0-linux-x64/jre/17.0.6-linux-x86_64/lib/libnio.so
7f8d19059000-7f8d1905a000 ---p 00014000 103:02 12850304                  /home/vibhu/.vscode/extensions/redhat.java-1.16.0-linux-x64/jre/17.0.6-linux-x86_64/lib/libnio.so
7f8d1905a000-7f8d1905b000 r--p 00014000 103:02 12850304                  /home/vibhu/.vscode/extensions/redhat.java-1.16.0-linux-x64/jre/17.0.6-linux-x86_64/lib/libnio.so
7f8d1905b000-7f8d1905c000 rw-p 00015000 103:02 12850304                  /home/vibhu/.vscode/extensions/redhat.java-1.16.0-linux-x64/jre/17.0.6-linux-x86_64/lib/libnio.so
7f8d1905c000-7f8d1935f000 rw-p 00000000 00:00 0 
7f8d1935f000-7f8d19361000 r--p 00000000 103:02 12850316                  /home/vibhu/.vscode/extensions/redhat.java-1.16.0-linux-x64/jre/17.0.6-linux-x86_64/lib/libzip.so
7f8d19361000-7f8d19365000 r-xp 00002000 103:02 12850316                  /home/vibhu/.vscode/extensions/redhat.java-1.16.0-linux-x64/jre/17.0.6-linux-x86_64/lib/libzip.so
7f8d19365000-7f8d19367000 r--p 00006000 103:02 12850316                  /home/vibhu/.vscode/extensions/redhat.java-1.16.0-linux-x64/jre/17.0.6-linux-x86_64/lib/libzip.so
7f8d19367000-7f8d19368000 r--p 00007000 103:02 12850316                  /home/vibhu/.vscode/extensions/redhat.java-1.16.0-linux-x64/jre/17.0.6-linux-x86_64/lib/libzip.so
7f8d19368000-7f8d19369000 rw-p 00008000 103:02 12850316                  /home/vibhu/.vscode/extensions/redhat.java-1.16.0-linux-x64/jre/17.0.6-linux-x86_64/lib/libzip.so
7f8d19369000-7f8d19633000 rw-p 00000000 00:00 0 
7f8d19633000-7f8d19740000 ---p 00000000 00:00 0 
7f8d19740000-7f8d19741000 ---p 00000000 00:00 0 
7f8d19741000-7f8d1988b000 rw-p 00000000 00:00 0 
7f8d1988b000-7f8d19997000 ---p 00000000 00:00 0 
7f8d19997000-7f8d1999a000 rw-p 00000000 00:00 0 
7f8d1999a000-7f8d19a42000 ---p 00000000 00:00 0 
7f8d19a42000-7f8d19a6f000 rw-p 00000000 00:00 0 
7f8d19a6f000-7f8d19b2e000 ---p 00000000 00:00 0 
7f8d19b2e000-7f8d19b73000 rw-p 00000000 00:00 0 
7f8d19b73000-7f8d19c19000 ---p 00000000 00:00 0 
7f8d19c19000-7f8d19c1d000 ---p 00000000 00:00 0 
7f8d19c1d000-7f8d19d19000 rw-p 00000000 00:00 0 
7f8d19d19000-7f8d19d27000 r--p 00000000 103:02 15211512                  /usr/lib/x86_64-linux-gnu/libm.so.6
7f8d19d27000-7f8d19da3000 r-xp 0000e000 103:02 15211512                  /usr/lib/x86_64-linux-gnu/libm.so.6
7f8d19da3000-7f8d19dfe000 r--p 0008a000 103:02 15211512                  /usr/lib/x86_64-linux-gnu/libm.so.6
7f8d19dfe000-7f8d19dff000 r--p 000e4000 103:02 15211512                  /usr/lib/x86_64-linux-gnu/libm.so.6
7f8d19dff000-7f8d19e00000 rw-p 000e5000 103:02 15211512                  /usr/lib/x86_64-linux-gnu/libm.so.6
7f8d19e00000-7f8d1a052000 r--p 00000000 103:02 12850337                  /home/vibhu/.vscode/extensions/redhat.java-1.16.0-linux-x64/jre/17.0.6-linux-x86_64/lib/server/libjvm.so
7f8d1a052000-7f8d1ad6f000 r-xp 00252000 103:02 12850337                  /home/vibhu/.vscode/extensions/redhat.java-1.16.0-linux-x64/jre/17.0.6-linux-x86_64/lib/server/libjvm.so
7f8d1ad6f000-7f8d1affb000 r--p 00f6f000 103:02 12850337                  /home/vibhu/.vscode/extensions/redhat.java-1.16.0-linux-x64/jre/17.0.6-linux-x86_64/lib/server/libjvm.so
7f8d1affb000-7f8d1b0b4000 r--p 011fa000 103:02 12850337                  /home/vibhu/.vscode/extensions/redhat.java-1.16.0-linux-x64/jre/17.0.6-linux-x86_64/lib/server/libjvm.so
7f8d1b0b4000-7f8d1b0e9000 rw-p 012b3000 103:02 12850337                  /home/vibhu/.vscode/extensions/redhat.java-1.16.0-linux-x64/jre/17.0.6-linux-x86_64/lib/server/libjvm.so
7f8d1b0e9000-7f8d1b143000 rw-p 00000000 00:00 0 
7f8d1b144000-7f8d1b1f9000 rw-p 00000000 00:00 0 
7f8d1b1f9000-7f8d1b200000 ---p 00000000 00:00 0 
7f8d1b200000-7f8d1b228000 r--p 00000000 103:02 15210861                  /usr/lib/x86_64-linux-gnu/libc.so.6
7f8d1b228000-7f8d1b3bd000 r-xp 00028000 103:02 15210861                  /usr/lib/x86_64-linux-gnu/libc.so.6
7f8d1b3bd000-7f8d1b415000 r--p 001bd000 103:02 15210861                  /usr/lib/x86_64-linux-gnu/libc.so.6
7f8d1b415000-7f8d1b419000 r--p 00214000 103:02 15210861                  /usr/lib/x86_64-linux-gnu/libc.so.6
7f8d1b419000-7f8d1b41b000 rw-p 00218000 103:02 15210861                  /usr/lib/x86_64-linux-gnu/libc.so.6
7f8d1b41b000-7f8d1b428000 rw-p 00000000 00:00 0 
7f8d1b42a000-7f8d1b42b000 r--p 00000000 103:02 15211641                  /usr/lib/x86_64-linux-gnu/libnss_mdns4_minimal.so.2
7f8d1b42b000-7f8d1b42d000 r-xp 00001000 103:02 15211641                  /usr/lib/x86_64-linux-gnu/libnss_mdns4_minimal.so.2
7f8d1b42d000-7f8d1b42e000 r--p 00003000 103:02 15211641                  /usr/lib/x86_64-linux-gnu/libnss_mdns4_minimal.so.2
7f8d1b42e000-7f8d1b42f000 r--p 00003000 103:02 15211641                  /usr/lib/x86_64-linux-gnu/libnss_mdns4_minimal.so.2
7f8d1b42f000-7f8d1b430000 rw-p 00004000 103:02 15211641                  /usr/lib/x86_64-linux-gnu/libnss_mdns4_minimal.so.2
7f8d1b430000-7f8d1b438000 rw-s 00000000 103:02 11705140                  /tmp/hsperfdata_vibhu/10440
7f8d1b438000-7f8d1b445000 r--p 00000000 103:02 12850279                  /home/vibhu/.vscode/extensions/redhat.java-1.16.0-linux-x64/jre/17.0.6-linux-x86_64/lib/libjava.so
7f8d1b445000-7f8d1b457000 r-xp 0000d000 103:02 12850279                  /home/vibhu/.vscode/extensions/redhat.java-1.16.0-linux-x64/jre/17.0.6-linux-x86_64/lib/libjava.so
7f8d1b457000-7f8d1b45d000 r--p 0001f000 103:02 12850279                  /home/vibhu/.vscode/extensions/redhat.java-1.16.0-linux-x64/jre/17.0.6-linux-x86_64/lib/libjava.so
7f8d1b45d000-7f8d1b45e000 ---p 00025000 103:02 12850279                  /home/vibhu/.vscode/extensions/redhat.java-1.16.0-linux-x64/jre/17.0.6-linux-x86_64/lib/libjava.so
7f8d1b45e000-7f8d1b45f000 r--p 00025000 103:02 12850279                  /home/vibhu/.vscode/extensions/redhat.java-1.16.0-linux-x64/jre/17.0.6-linux-x86_64/lib/libjava.so
7f8d1b45f000-7f8d1b460000 rw-p 00026000 103:02 12850279                  /home/vibhu/.vscode/extensions/redhat.java-1.16.0-linux-x64/jre/17.0.6-linux-x86_64/lib/libjava.so
7f8d1b460000-7f8d1b461000 rw-p 00000000 00:00 0 
7f8d1b461000-7f8d1b465000 r--p 00000000 103:02 12850287                  /home/vibhu/.vscode/extensions/redhat.java-1.16.0-linux-x64/jre/17.0.6-linux-x86_64/lib/libjimage.so
7f8d1b465000-7f8d1b478000 r-xp 00004000 103:02 12850287                  /home/vibhu/.vscode/extensions/redhat.java-1.16.0-linux-x64/jre/17.0.6-linux-x86_64/lib/libjimage.so
7f8d1b478000-7f8d1b47e000 r--p 00017000 103:02 12850287                  /home/vibhu/.vscode/extensions/redhat.java-1.16.0-linux-x64/jre/17.0.6-linux-x86_64/lib/libjimage.so
7f8d1b47e000-7f8d1b480000 r--p 0001c000 103:02 12850287                  /home/vibhu/.vscode/extensions/redhat.java-1.16.0-linux-x64/jre/17.0.6-linux-x86_64/lib/libjimage.so
7f8d1b480000-7f8d1b481000 rw-p 0001e000 103:02 12850287                  /home/vibhu/.vscode/extensions/redhat.java-1.16.0-linux-x64/jre/17.0.6-linux-x86_64/lib/libjimage.so
7f8d1b481000-7f8d1b482000 r--p 00000000 103:02 15211837                  /usr/lib/x86_64-linux-gnu/librt.so.1
7f8d1b482000-7f8d1b483000 r-xp 00001000 103:02 15211837                  /usr/lib/x86_64-linux-gnu/librt.so.1
7f8d1b483000-7f8d1b484000 r--p 00002000 103:02 15211837                  /usr/lib/x86_64-linux-gnu/librt.so.1
7f8d1b484000-7f8d1b485000 r--p 00002000 103:02 15211837                  /usr/lib/x86_64-linux-gnu/librt.so.1
7f8d1b485000-7f8d1b486000 rw-p 00003000 103:02 15211837                  /usr/lib/x86_64-linux-gnu/librt.so.1
7f8d1b486000-7f8d1b48a000 rw-p 00000000 00:00 0 
7f8d1b48a000-7f8d1b48b000 r--p 00000000 103:02 15211003                  /usr/lib/x86_64-linux-gnu/libdl.so.2
7f8d1b48b000-7f8d1b48c000 r-xp 00001000 103:02 15211003                  /usr/lib/x86_64-linux-gnu/libdl.so.2
7f8d1b48c000-7f8d1b48d000 r--p 00002000 103:02 15211003                  /usr/lib/x86_64-linux-gnu/libdl.so.2
7f8d1b48d000-7f8d1b48e000 r--p 00002000 103:02 15211003                  /usr/lib/x86_64-linux-gnu/libdl.so.2
7f8d1b48e000-7f8d1b48f000 rw-p 00003000 103:02 15211003                  /usr/lib/x86_64-linux-gnu/libdl.so.2
7f8d1b48f000-7f8d1b490000 r--p 00000000 103:02 15211781                  /usr/lib/x86_64-linux-gnu/libpthread.so.0
7f8d1b490000-7f8d1b491000 r-xp 00001000 103:02 15211781                  /usr/lib/x86_64-linux-gnu/libpthread.so.0
7f8d1b491000-7f8d1b492000 r--p 00002000 103:02 15211781                  /usr/lib/x86_64-linux-gnu/libpthread.so.0
7f8d1b492000-7f8d1b493000 r--p 00002000 103:02 15211781                  /usr/lib/x86_64-linux-gnu/libpthread.so.0
7f8d1b493000-7f8d1b494000 rw-p 00003000 103:02 15211781                  /usr/lib/x86_64-linux-gnu/libpthread.so.0
7f8d1b494000-7f8d1b497000 r--p 00000000 103:02 12850289                  /home/vibhu/.vscode/extensions/redhat.java-1.16.0-linux-x64/jre/17.0.6-linux-x86_64/lib/libjli.so
7f8d1b497000-7f8d1b4a1000 r-xp 00003000 103:02 12850289                  /home/vibhu/.vscode/extensions/redhat.java-1.16.0-linux-x64/jre/17.0.6-linux-x86_64/lib/libjli.so
7f8d1b4a1000-7f8d1b4a4000 r--p 0000d000 103:02 12850289                  /home/vibhu/.vscode/extensions/redhat.java-1.16.0-linux-x64/jre/17.0.6-linux-x86_64/lib/libjli.so
7f8d1b4a4000-7f8d1b4a5000 ---p 00010000 103:02 12850289                  /home/vibhu/.vscode/extensions/redhat.java-1.16.0-linux-x64/jre/17.0.6-linux-x86_64/lib/libjli.so
7f8d1b4a5000-7f8d1b4a6000 r--p 00010000 103:02 12850289                  /home/vibhu/.vscode/extensions/redhat.java-1.16.0-linux-x64/jre/17.0.6-linux-x86_64/lib/libjli.so
7f8d1b4a6000-7f8d1b4a7000 rw-p 00011000 103:02 12850289                  /home/vibhu/.vscode/extensions/redhat.java-1.16.0-linux-x64/jre/17.0.6-linux-x86_64/lib/libjli.so
7f8d1b4a7000-7f8d1b4a9000 r--p 00000000 103:02 15204542                  /usr/lib/x86_64-linux-gnu/libz.so.1.2.11
7f8d1b4a9000-7f8d1b4ba000 r-xp 00002000 103:02 15204542                  /usr/lib/x86_64-linux-gnu/libz.so.1.2.11
7f8d1b4ba000-7f8d1b4c0000 r--p 00013000 103:02 15204542                  /usr/lib/x86_64-linux-gnu/libz.so.1.2.11
7f8d1b4c0000-7f8d1b4c1000 ---p 00019000 103:02 15204542                  /usr/lib/x86_64-linux-gnu/libz.so.1.2.11
7f8d1b4c1000-7f8d1b4c2000 r--p 00019000 103:02 15204542                  /usr/lib/x86_64-linux-gnu/libz.so.1.2.11
7f8d1b4c2000-7f8d1b4c3000 rw-p 0001a000 103:02 15204542                  /usr/lib/x86_64-linux-gnu/libz.so.1.2.11
7f8d1b4c3000-7f8d1b4c4000 r--p 00000000 103:02 12850267                  /home/vibhu/.vscode/extensions/redhat.java-1.16.0-linux-x64/jre/17.0.6-linux-x86_64/lib/libextnet.so
7f8d1b4c4000-7f8d1b4c5000 r-xp 00001000 103:02 12850267                  /home/vibhu/.vscode/extensions/redhat.java-1.16.0-linux-x64/jre/17.0.6-linux-x86_64/lib/libextnet.so
7f8d1b4c5000-7f8d1b4c6000 r--p 00002000 103:02 12850267                  /home/vibhu/.vscode/extensions/redhat.java-1.16.0-linux-x64/jre/17.0.6-linux-x86_64/lib/libextnet.so
7f8d1b4c6000-7f8d1b4c7000 r--p 00002000 103:02 12850267                  /home/vibhu/.vscode/extensions/redhat.java-1.16.0-linux-x64/jre/17.0.6-linux-x86_64/lib/libextnet.so
7f8d1b4c7000-7f8d1b4c8000 rw-p 00003000 103:02 12850267                  /home/vibhu/.vscode/extensions/redhat.java-1.16.0-linux-x64/jre/17.0.6-linux-x86_64/lib/libextnet.so
7f8d1b4c8000-7f8d1b4ca000 r--p 00000000 103:02 12850269                  /home/vibhu/.vscode/extensions/redhat.java-1.16.0-linux-x64/jre/17.0.6-linux-x86_64/lib/libinstrument.so
7f8d1b4ca000-7f8d1b4d0000 r-xp 00002000 103:02 12850269                  /home/vibhu/.vscode/extensions/redhat.java-1.16.0-linux-x64/jre/17.0.6-linux-x86_64/lib/libinstrument.so
7f8d1b4d0000-7f8d1b4d3000 r--p 00008000 103:02 12850269                  /home/vibhu/.vscode/extensions/redhat.java-1.16.0-linux-x64/jre/17.0.6-linux-x86_64/lib/libinstrument.so
7f8d1b4d3000-7f8d1b4d4000 r--p 0000a000 103:02 12850269                  /home/vibhu/.vscode/extensions/redhat.java-1.16.0-linux-x64/jre/17.0.6-linux-x86_64/lib/libinstrument.so
7f8d1b4d4000-7f8d1b4d5000 rw-p 0000b000 103:02 12850269                  /home/vibhu/.vscode/extensions/redhat.java-1.16.0-linux-x64/jre/17.0.6-linux-x86_64/lib/libinstrument.so
7f8d1b4d5000-7f8d1b4d6000 ---p 00000000 00:00 0 
7f8d1b4d6000-7f8d1b4d7000 r--p 00000000 00:00 0 
7f8d1b4d7000-7f8d1b4d9000 rw-p 00000000 00:00 0 
7f8d1b4d9000-7f8d1b4db000 r--p 00000000 103:02 15210524                  /usr/lib/x86_64-linux-gnu/ld-linux-x86-64.so.2
7f8d1b4db000-7f8d1b505000 r-xp 00002000 103:02 15210524                  /usr/lib/x86_64-linux-gnu/ld-linux-x86-64.so.2
7f8d1b505000-7f8d1b510000 r--p 0002c000 103:02 15210524                  /usr/lib/x86_64-linux-gnu/ld-linux-x86-64.so.2
7f8d1b510000-7f8d1b511000 ---p 00000000 00:00 0 
7f8d1b511000-7f8d1b513000 r--p 00037000 103:02 15210524                  /usr/lib/x86_64-linux-gnu/ld-linux-x86-64.so.2
7f8d1b513000-7f8d1b515000 rw-p 00039000 103:02 15210524                  /usr/lib/x86_64-linux-gnu/ld-linux-x86-64.so.2
7ffcdec24000-7ffcdec46000 rw-p 00000000 00:00 0                          [stack]
7ffcdece4000-7ffcdece8000 r--p 00000000 00:00 0                          [vvar]
7ffcdece8000-7ffcdecea000 r-xp 00000000 00:00 0                          [vdso]
ffffffffff600000-ffffffffff601000 --xp 00000000 00:00 0                  [vsyscall]


VM Arguments:
jvm_args: --add-modules=ALL-SYSTEM --add-opens=java.base/java.util=ALL-UNNAMED --add-opens=java.base/java.lang=ALL-UNNAMED --add-opens=java.base/sun.nio.fs=ALL-UNNAMED -Declipse.application=org.eclipse.jdt.ls.core.id1 -Dosgi.bundles.defaultStartLevel=4 -Declipse.product=org.eclipse.jdt.ls.core.product -Djava.import.generatesMetadataFilesAtProjectRoot=false -Dfile.encoding=utf8 -XX:+UseParallelGC -XX:GCTimeRatio=4 -XX:AdaptiveSizePolicyWeight=90 -Dsun.zip.disableMemoryMapping=true -Xmx1G -Xms100m -Xlog:disable -javaagent:/home/vibhu/.vscode/extensions/redhat.java-1.16.0-linux-x64/lombok/lombok-1.18.24.jar -XX:+HeapDumpOnOutOfMemoryError -XX:HeapDumpPath=/home/vibhu/.config/Code/User/workspaceStorage/af453ed2d88a855af8ce1c26fd43b9c4/redhat.java 
java_command: /home/vibhu/.vscode/extensions/redhat.java-1.16.0-linux-x64/server/plugins/org.eclipse.equinox.launcher_1.6.400.v20210924-0641.jar -configuration /home/vibhu/.config/Code/User/globalStorage/redhat.java/1.16.0/config_linux -data /home/vibhu/.config/Code/User/workspaceStorage/af453ed2d88a855af8ce1c26fd43b9c4/redhat.java/jdt_ws
java_class_path (initial): /home/vibhu/.vscode/extensions/redhat.java-1.16.0-linux-x64/server/plugins/org.eclipse.equinox.launcher_1.6.400.v20210924-0641.jar
Launcher Type: SUN_STANDARD

[Global flags]
    uintx AdaptiveSizePolicyWeight                 = 90                                        {product} {command line}
     intx CICompilerCount                          = 4                                         {product} {ergonomic}
    uintx GCTimeRatio                              = 4                                         {product} {command line}
     bool HeapDumpOnOutOfMemoryError               = true                                   {manageable} {command line}
    ccstr HeapDumpPath                             = /home/vibhu/.config/Code/User/workspaceStorage/af453ed2d88a855af8ce1c26fd43b9c4/redhat.java         {manageable} {command line}
   size_t InitialHeapSize                          = 104857600                                 {product} {command line}
   size_t MaxHeapSize                              = 1073741824                                {product} {command line}
   size_t MaxNewSize                               = 357564416                                 {product} {ergonomic}
   size_t MinHeapDeltaBytes                        = 524288                                    {product} {ergonomic}
   size_t MinHeapSize                              = 104857600                                 {product} {command line}
   size_t NewSize                                  = 34603008                                  {product} {ergonomic}
    uintx NonNMethodCodeHeapSize                   = 5839372                                {pd product} {ergonomic}
    uintx NonProfiledCodeHeapSize                  = 122909434                              {pd product} {ergonomic}
   size_t OldSize                                  = 70254592                                  {product} {ergonomic}
    uintx ProfiledCodeHeapSize                     = 122909434                              {pd product} {ergonomic}
    uintx ReservedCodeCacheSize                    = 251658240                              {pd product} {ergonomic}
     bool SegmentedCodeCache                       = true                                      {product} {ergonomic}
   size_t SoftMaxHeapSize                          = 1073741824                             {manageable} {ergonomic}
     bool UseCompressedClassPointers               = true                           {product lp64_product} {ergonomic}
     bool UseCompressedOops                        = true                           {product lp64_product} {ergonomic}
     bool UseParallelGC                            = true                                      {product} {command line}

Logging:
Log output configuration:
 #0: stdout all=off uptime,level,tags
 #1: stderr all=off uptime,level,tags

Environment Variables:
PATH=/home/vibhu/.local/bin:/home/vibhu/anaconda3/bin:/home/vibhu/.nvm/versions/node/v19.6.1/bin:/home/vibhu/.local/bin:/usr/local/sbin:/usr/local/bin:/usr/sbin:/usr/bin:/sbin:/bin:/usr/games:/usr/local/games:/snap/bin:/snap/bin:/usr/lib/dart/bin:/usr/lib/dart/bin
USERNAME=vibhu
SHELL=/bin/bash
DISPLAY=:1
LANG=en_IN

Signal Handlers:
   SIGSEGV: 0x00007f8d1acded30
[error occurred during error reporting (printing signal handlers), id 0x7, SIGBUS (0x7) at pc=0x00007f8d1aa11314]


---------------  S Y S T E M  ---------------

OS:
uname: Linux 5.19.0-38-generic #39~22.04.1-Ubuntu SMP PREEMPT_DYNAMIC Fri Mar 17 21:16:15 UTC 2 x86_64
OS uptime: 0 days 2:08 hours
libc: glibc 2.35 NPTL 2.35 
rlimit (soft/hard): STACK 8192k/infinity , CORE 0k/infinity , NPROC 30932/30932 , NOFILE 1048576/1048576 , AS infinity/infinity , CPU infinity/infinity , DATA infinity/infinity , FSIZE infinity/infinity , MEMLOCK 1000316k/1000316k
load average: 8.82 2.43 1.07

/proc/meminfo:
MemTotal:        8002528 kB
MemFree:         3885068 kB
MemAvailable:    5158980 kB
Buffers:           11856 kB
Cached:          1664140 kB
SwapCached:         1072 kB
Active:          1005436 kB
Inactive:        2485996 kB
Active(anon):      72588 kB
Inactive(anon):  1989760 kB
Active(file):     932848 kB
Inactive(file):   496236 kB
Unevictable:         204 kB
Mlocked:              80 kB
SwapTotal:       2097148 kB
SwapFree:        2030076 kB
Zswap:                 0 kB
Zswapped:              0 kB
Dirty:               400 kB
Writeback:             0 kB
AnonPages:       1814608 kB
Mapped:           403372 kB
Shmem:            247180 kB
KReclaimable:     135016 kB
Slab:             406004 kB
SReclaimable:     135016 kB
SUnreclaim:       270988 kB
KernelStack:       16656 kB
PageTables:        33524 kB
NFS_Unstable:          0 kB
Bounce:                0 kB
WritebackTmp:          0 kB
CommitLimit:     6098412 kB
Committed_AS:   10433912 kB
VmallocTotal:   34359738367 kB
VmallocUsed:       89916 kB
VmallocChunk:          0 kB
Percpu:            12736 kB
HardwareCorrupted:     0 kB
AnonHugePages:    413696 kB
ShmemHugePages:        0 kB
ShmemPmdMapped:        0 kB
FileHugePages:         0 kB
FilePmdMapped:         0 kB
HugePages_Total:       0
HugePages_Free:        0
HugePages_Rsvd:        0
HugePages_Surp:        0
Hugepagesize:       2048 kB
Hugetlb:               0 kB
DirectMap4k:      354488 kB
DirectMap2M:     6850560 kB
DirectMap1G:     2097152 kB

/sys/kernel/mm/transparent_hugepage/enabled: always [madvise] never
/sys/kernel/mm/transparent_hugepage/defrag (defrag/compaction efforts parameter): always defer defer+madvise [madvise] never

Process Memory:
Virtual Size: 6113096K (peak: 6117284K)
Resident Set Size: 555756K (peak: 586996K) (anon: 462784K, file: 92972K, shmem: 0K)
Swapped out: 0K
C-Heap outstanding allocations: 68289K, retained: 102390K
glibc malloc tunables: (default)

/proc/sys/kernel/threads-max (system-wide limit on the number of threads): 61864
/proc/sys/vm/max_map_count (maximum number of memory map areas a process may have): 65530
/proc/sys/kernel/pid_max (system-wide limit on number of process identifiers): 4194304

container (cgroup) information:
container_type: cgroupv2
cpu_cpuset_cpus: not supported
cpu_memory_nodes: not supported
active_processor_count: 8
cpu_quota: not supported
cpu_period: not supported
cpu_shares: not supported
memory_limit_in_bytes: unlimited
memory_and_swap_limit_in_bytes: unlimited
memory_soft_limit_in_bytes: unlimited
memory_usage_in_bytes: 713568 k
memory_max_usage_in_bytes: not supported
memory_swap_current_in_bytes: 5604 k
memory_swap_max_limit_in_bytes: unlimited
maximum number of tasks: 9279
current number of tasks: 36

Steal ticks since vm start: 0
Steal ticks percentage since vm start:  0.000

CPU: total 8 (initial active 8) (4 cores per cpu, 2 threads per core) family 6 model 165 stepping 2 microcode 0xf4, cx8, cmov, fxsr, ht, mmx, 3dnowpref, sse, sse2, sse3, ssse3, sse4.1, sse4.2, popcnt, lzcnt, tsc, tscinvbit, avx, avx2, aes, erms, clmul, bmi1, bmi2, adx, fma, vzeroupper, clflush, clflushopt
CPU Model and flags from /proc/cpuinfo:
model name	: Intel(R) Core(TM) i5-10300H CPU @ 2.50GHz
flags		: fpu vme de pse tsc msr pae mce cx8 apic sep mtrr pge mca cmov pat pse36 clflush dts acpi mmx fxsr sse sse2 ss ht tm pbe syscall nx pdpe1gb rdtscp lm constant_tsc art arch_perfmon pebs bts rep_good nopl xtopology nonstop_tsc cpuid aperfmperf pni pclmulqdq dtes64 monitor ds_cpl vmx est tm2 ssse3 sdbg fma cx16 xtpr pdcm pcid sse4_1 sse4_2 x2apic movbe popcnt tsc_deadline_timer aes xsave avx f16c rdrand lahf_lm abm 3dnowprefetch cpuid_fault epb invpcid_single ssbd ibrs ibpb stibp ibrs_enhanced tpr_shadow vnmi flexpriority ept vpid ept_ad fsgsbase tsc_adjust bmi1 avx2 smep bmi2 erms invpcid mpx rdseed adx smap clflushopt intel_pt xsaveopt xsavec xgetbv1 xsaves dtherm arat pln pts hwp hwp_notify hwp_act_window hwp_epp pku ospke md_clear flush_l1d arch_capabilities

Online cpus: 0-7
Offline cpus: 
BIOS frequency limitation: <Not Available>
Frequency switch latency (ns): 0
Available cpu frequencies: <Not Available>
Current governor: powersave
Core performance/turbo boost: <Not Available>

Memory: 4k page, physical 8002528k(3885068k free), swap 2097148k(2030076k free)
Page Sizes: 4k

vm_info: OpenJDK 64-Bit Server VM (17.0.6+10) for linux-amd64 JRE (17.0.6+10), built on Jan 17 2023 00:00:00 by "temurin" with gcc 10.3.0

END.
